This file contains any messages produced by compilers while
running configure, to aid debugging if configure makes a mistake.

It was created by FreeType configure 2.5.5, which was
generated by GNU Autoconf 2.69.  Invocation command line was

  $ ./configure CC=/var/folders/mp/lt30zlts6c3gpjnt1k3ctqrh0000gn/T/tmp2kyipqhp LD=/Applications/Xcode.app/Contents/Developer/Toolchains/XcodeDefault.xctoolchain/usr/bin/ld CFLAGS=-O3 -miphoneos-version-min=8.0 -I/Users/tranxuandien/Documents/vscode/Project/MobileAPP/dist/include/arm64/freetype -I/Users/tranxuandien/Documents/vscode/Project/MobileAPP/dist/include/arm64/hostlibffi -I/Users/tranxuandien/Documents/vscode/Project/MobileAPP/dist/include/arm64/ffi -I/Users/tranxuandien/Documents/vscode/Project/MobileAPP/dist/include/arm64/openssl -I/Users/tranxuandien/Documents/vscode/Project/MobileAPP/dist/include/common/sdl2 -I/Users/tranxuandien/Documents/vscode/Project/MobileAPP/dist/include/common/sdl2_image -I/Users/tranxuandien/Documents/vscode/Project/MobileAPP/dist/include/common/sdl2_mixer -I/Users/tranxuandien/Documents/vscode/Project/MobileAPP/dist/include/common/sdl2_ttf -I/Users/tranxuandien/Documents/vscode/Project/MobileAPP/dist/include/arm64 LDFLAGS=-arch arm64 -L/Users/tranxuandien/Documents/vscode/Project/MobileAPP/dist/lib -L/Applications/Xcode.app/Contents/Developer/Platforms/iPhoneOS.platform/Developer/SDKs/iPhoneOS13.6.sdk/usr/lib -miphoneos-version-min=8.0 --prefix=/ --host=aarch64-apple-darwin13 --without-png --without-bzip2 --without-fsspec --without-harfbuzz --without-old-mac-fonts --enable-static=yes --enable-shared=no

## --------- ##
## Platform. ##
## --------- ##

hostname = Trans-MacBook-Pro.local
uname -m = x86_64
uname -r = 19.6.0
uname -s = Darwin
uname -v = Darwin Kernel Version 19.6.0: Thu Jun 18 20:49:00 PDT 2020; root:xnu-6153.141.1~1/RELEASE_X86_64

/usr/bin/uname -p = i386
/bin/uname -X     = unknown

/bin/arch              = unknown
/usr/bin/arch -k       = unknown
/usr/convex/getsysinfo = unknown
/usr/bin/hostinfo      = Mach kernel version:
	 Darwin Kernel Version 19.6.0: Thu Jun 18 20:49:00 PDT 2020; root:xnu-6153.141.1~1/RELEASE_X86_64
Kernel configured for up to 4 processors.
2 processors are physically available.
4 processors are logically available.
Processor type: x86_64h (Intel x86-64h Haswell)
Processors active: 0 1 2 3
Primary memory available: 8.00 gigabytes
Default processor set: 387 tasks, 1952 threads, 4 processors
Load average: 5.56, Mach factor: 0.82
/bin/machine           = unknown
/usr/bin/oslevel       = unknown
/bin/universe          = unknown

PATH: /Users/tranxuandien/Library/Android/sdk/platform-tools
PATH: /Users/tranxuandien/Library/Android/sdk/tools
PATH: /Users/tranxuandien/opt/anaconda3/envs/apk/bin
PATH: /Users/tranxuandien/opt/anaconda3/condabin
PATH: /usr/local/bin
PATH: /usr/bin
PATH: /bin
PATH: /usr/sbin
PATH: /sbin
PATH: /usr/local/go/bin
PATH: /usr/local/share/dotnet
PATH: ~/.dotnet/tools
PATH: /Library/Apple/usr/bin


## ----------- ##
## Core tests. ##
## ----------- ##

configure:2529: checking build system type
configure:2543: result: x86_64-apple-darwin19.6.0
configure:2563: checking host system type
configure:2576: result: aarch64-apple-darwin13
configure:2608: checking for aarch64-apple-darwin13-gcc
configure:2635: result: /var/folders/mp/lt30zlts6c3gpjnt1k3ctqrh0000gn/T/tmp2kyipqhp
configure:2904: checking for C compiler version
configure:2913: /var/folders/mp/lt30zlts6c3gpjnt1k3ctqrh0000gn/T/tmp2kyipqhp --version >&5
Apple clang version 11.0.3 (clang-1103.0.32.62)
Target: aarch64-apple-darwin19.6.0
Thread model: posix
InstalledDir: /Applications/Xcode.app/Contents/Developer/Toolchains/XcodeDefault.xctoolchain/usr/bin
configure:2924: $? = 0
configure:2913: /var/folders/mp/lt30zlts6c3gpjnt1k3ctqrh0000gn/T/tmp2kyipqhp -v >&5
Apple clang version 11.0.3 (clang-1103.0.32.62)
Target: aarch64-apple-darwin19.6.0
Thread model: posix
InstalledDir: /Applications/Xcode.app/Contents/Developer/Toolchains/XcodeDefault.xctoolchain/usr/bin
clang: warning: argument unused during compilation: '-no-cpp-precomp' [-Wunused-command-line-argument]
configure:2924: $? = 0
configure:2913: /var/folders/mp/lt30zlts6c3gpjnt1k3ctqrh0000gn/T/tmp2kyipqhp -V >&5
clang: error: unsupported option '-V -Wno-objc-signed-char-bool-implicit-int-conversion'
clang: error: no input files
configure:2924: $? = 1
configure:2913: /var/folders/mp/lt30zlts6c3gpjnt1k3ctqrh0000gn/T/tmp2kyipqhp -qversion >&5
clang: error: unknown argument '-qversion'; did you mean '--version'?
clang: error: no input files
configure:2924: $? = 1
configure:2944: checking whether the C compiler works
configure:2966: /var/folders/mp/lt30zlts6c3gpjnt1k3ctqrh0000gn/T/tmp2kyipqhp -O3 -miphoneos-version-min=8.0 -I/Users/tranxuandien/Documents/vscode/Project/MobileAPP/dist/include/arm64/freetype -I/Users/tranxuandien/Documents/vscode/Project/MobileAPP/dist/include/arm64/hostlibffi -I/Users/tranxuandien/Documents/vscode/Project/MobileAPP/dist/include/arm64/ffi -I/Users/tranxuandien/Documents/vscode/Project/MobileAPP/dist/include/arm64/openssl -I/Users/tranxuandien/Documents/vscode/Project/MobileAPP/dist/include/common/sdl2 -I/Users/tranxuandien/Documents/vscode/Project/MobileAPP/dist/include/common/sdl2_image -I/Users/tranxuandien/Documents/vscode/Project/MobileAPP/dist/include/common/sdl2_mixer -I/Users/tranxuandien/Documents/vscode/Project/MobileAPP/dist/include/common/sdl2_ttf -I/Users/tranxuandien/Documents/vscode/Project/MobileAPP/dist/include/arm64  -arch arm64 -L/Users/tranxuandien/Documents/vscode/Project/MobileAPP/dist/lib -L/Applications/Xcode.app/Contents/Developer/Platforms/iPhoneOS.platform/Developer/SDKs/iPhoneOS13.6.sdk/usr/lib -miphoneos-version-min=8.0 conftest.c  >&5
ld: warning: directory not found for option '-L/Users/tranxuandien/Documents/vscode/Project/MobileAPP/dist/lib'
configure:2970: $? = 0
configure:3018: result: yes
configure:3021: checking for C compiler default output file name
configure:3023: result: a.out
configure:3029: checking for suffix of executables
configure:3036: /var/folders/mp/lt30zlts6c3gpjnt1k3ctqrh0000gn/T/tmp2kyipqhp -o conftest -O3 -miphoneos-version-min=8.0 -I/Users/tranxuandien/Documents/vscode/Project/MobileAPP/dist/include/arm64/freetype -I/Users/tranxuandien/Documents/vscode/Project/MobileAPP/dist/include/arm64/hostlibffi -I/Users/tranxuandien/Documents/vscode/Project/MobileAPP/dist/include/arm64/ffi -I/Users/tranxuandien/Documents/vscode/Project/MobileAPP/dist/include/arm64/openssl -I/Users/tranxuandien/Documents/vscode/Project/MobileAPP/dist/include/common/sdl2 -I/Users/tranxuandien/Documents/vscode/Project/MobileAPP/dist/include/common/sdl2_image -I/Users/tranxuandien/Documents/vscode/Project/MobileAPP/dist/include/common/sdl2_mixer -I/Users/tranxuandien/Documents/vscode/Project/MobileAPP/dist/include/common/sdl2_ttf -I/Users/tranxuandien/Documents/vscode/Project/MobileAPP/dist/include/arm64  -arch arm64 -L/Users/tranxuandien/Documents/vscode/Project/MobileAPP/dist/lib -L/Applications/Xcode.app/Contents/Developer/Platforms/iPhoneOS.platform/Developer/SDKs/iPhoneOS13.6.sdk/usr/lib -miphoneos-version-min=8.0 conftest.c  >&5
ld: warning: directory not found for option '-L/Users/tranxuandien/Documents/vscode/Project/MobileAPP/dist/lib'
configure:3040: $? = 0
configure:3062: result: 
configure:3084: checking whether we are cross compiling
configure:3092: /var/folders/mp/lt30zlts6c3gpjnt1k3ctqrh0000gn/T/tmp2kyipqhp -o conftest -O3 -miphoneos-version-min=8.0 -I/Users/tranxuandien/Documents/vscode/Project/MobileAPP/dist/include/arm64/freetype -I/Users/tranxuandien/Documents/vscode/Project/MobileAPP/dist/include/arm64/hostlibffi -I/Users/tranxuandien/Documents/vscode/Project/MobileAPP/dist/include/arm64/ffi -I/Users/tranxuandien/Documents/vscode/Project/MobileAPP/dist/include/arm64/openssl -I/Users/tranxuandien/Documents/vscode/Project/MobileAPP/dist/include/common/sdl2 -I/Users/tranxuandien/Documents/vscode/Project/MobileAPP/dist/include/common/sdl2_image -I/Users/tranxuandien/Documents/vscode/Project/MobileAPP/dist/include/common/sdl2_mixer -I/Users/tranxuandien/Documents/vscode/Project/MobileAPP/dist/include/common/sdl2_ttf -I/Users/tranxuandien/Documents/vscode/Project/MobileAPP/dist/include/arm64  -arch arm64 -L/Users/tranxuandien/Documents/vscode/Project/MobileAPP/dist/lib -L/Applications/Xcode.app/Contents/Developer/Platforms/iPhoneOS.platform/Developer/SDKs/iPhoneOS13.6.sdk/usr/lib -miphoneos-version-min=8.0 conftest.c  >&5
ld: warning: directory not found for option '-L/Users/tranxuandien/Documents/vscode/Project/MobileAPP/dist/lib'
configure:3096: $? = 0
configure:3103: ./conftest
./configure: line 3105: ./conftest: Bad CPU type in executable
configure:3107: $? = 126
configure:3122: result: yes
configure:3127: checking for suffix of object files
configure:3149: /var/folders/mp/lt30zlts6c3gpjnt1k3ctqrh0000gn/T/tmp2kyipqhp -c -O3 -miphoneos-version-min=8.0 -I/Users/tranxuandien/Documents/vscode/Project/MobileAPP/dist/include/arm64/freetype -I/Users/tranxuandien/Documents/vscode/Project/MobileAPP/dist/include/arm64/hostlibffi -I/Users/tranxuandien/Documents/vscode/Project/MobileAPP/dist/include/arm64/ffi -I/Users/tranxuandien/Documents/vscode/Project/MobileAPP/dist/include/arm64/openssl -I/Users/tranxuandien/Documents/vscode/Project/MobileAPP/dist/include/common/sdl2 -I/Users/tranxuandien/Documents/vscode/Project/MobileAPP/dist/include/common/sdl2_image -I/Users/tranxuandien/Documents/vscode/Project/MobileAPP/dist/include/common/sdl2_mixer -I/Users/tranxuandien/Documents/vscode/Project/MobileAPP/dist/include/common/sdl2_ttf -I/Users/tranxuandien/Documents/vscode/Project/MobileAPP/dist/include/arm64  conftest.c >&5
configure:3153: $? = 0
configure:3174: result: o
configure:3178: checking whether we are using the GNU C compiler
configure:3197: /var/folders/mp/lt30zlts6c3gpjnt1k3ctqrh0000gn/T/tmp2kyipqhp -c -O3 -miphoneos-version-min=8.0 -I/Users/tranxuandien/Documents/vscode/Project/MobileAPP/dist/include/arm64/freetype -I/Users/tranxuandien/Documents/vscode/Project/MobileAPP/dist/include/arm64/hostlibffi -I/Users/tranxuandien/Documents/vscode/Project/MobileAPP/dist/include/arm64/ffi -I/Users/tranxuandien/Documents/vscode/Project/MobileAPP/dist/include/arm64/openssl -I/Users/tranxuandien/Documents/vscode/Project/MobileAPP/dist/include/common/sdl2 -I/Users/tranxuandien/Documents/vscode/Project/MobileAPP/dist/include/common/sdl2_image -I/Users/tranxuandien/Documents/vscode/Project/MobileAPP/dist/include/common/sdl2_mixer -I/Users/tranxuandien/Documents/vscode/Project/MobileAPP/dist/include/common/sdl2_ttf -I/Users/tranxuandien/Documents/vscode/Project/MobileAPP/dist/include/arm64  conftest.c >&5
configure:3197: $? = 0
configure:3206: result: yes
configure:3215: checking whether /var/folders/mp/lt30zlts6c3gpjnt1k3ctqrh0000gn/T/tmp2kyipqhp accepts -g
configure:3235: /var/folders/mp/lt30zlts6c3gpjnt1k3ctqrh0000gn/T/tmp2kyipqhp -c -g  conftest.c >&5
configure:3235: $? = 0
configure:3276: result: yes
configure:3293: checking for /var/folders/mp/lt30zlts6c3gpjnt1k3ctqrh0000gn/T/tmp2kyipqhp option to accept ISO C89
configure:3356: /var/folders/mp/lt30zlts6c3gpjnt1k3ctqrh0000gn/T/tmp2kyipqhp  -c -O3 -miphoneos-version-min=8.0 -I/Users/tranxuandien/Documents/vscode/Project/MobileAPP/dist/include/arm64/freetype -I/Users/tranxuandien/Documents/vscode/Project/MobileAPP/dist/include/arm64/hostlibffi -I/Users/tranxuandien/Documents/vscode/Project/MobileAPP/dist/include/arm64/ffi -I/Users/tranxuandien/Documents/vscode/Project/MobileAPP/dist/include/arm64/openssl -I/Users/tranxuandien/Documents/vscode/Project/MobileAPP/dist/include/common/sdl2 -I/Users/tranxuandien/Documents/vscode/Project/MobileAPP/dist/include/common/sdl2_image -I/Users/tranxuandien/Documents/vscode/Project/MobileAPP/dist/include/common/sdl2_mixer -I/Users/tranxuandien/Documents/vscode/Project/MobileAPP/dist/include/common/sdl2_ttf -I/Users/tranxuandien/Documents/vscode/Project/MobileAPP/dist/include/arm64  conftest.c >&5
configure:3356: $? = 0
configure:3369: result: none needed
configure:3394: checking how to run the C preprocessor
configure:3425: /var/folders/mp/lt30zlts6c3gpjnt1k3ctqrh0000gn/T/tmp2kyipqhp -E  conftest.c
configure:3425: $? = 0
configure:3439: /var/folders/mp/lt30zlts6c3gpjnt1k3ctqrh0000gn/T/tmp2kyipqhp -E  conftest.c
conftest.c:9:10: fatal error: 'ac_nonexistent.h' file not found
#include <ac_nonexistent.h>
         ^~~~~~~~~~~~~~~~~~
1 error generated.
configure:3439: $? = 1
configure: failed program was:
| /* confdefs.h */
| #define PACKAGE_NAME "FreeType"
| #define PACKAGE_TARNAME "freetype"
| #define PACKAGE_VERSION "2.5.5"
| #define PACKAGE_STRING "FreeType 2.5.5"
| #define PACKAGE_BUGREPORT "freetype@nongnu.org"
| #define PACKAGE_URL ""
| /* end confdefs.h.  */
| #include <ac_nonexistent.h>
configure:3464: result: /var/folders/mp/lt30zlts6c3gpjnt1k3ctqrh0000gn/T/tmp2kyipqhp -E
configure:3484: /var/folders/mp/lt30zlts6c3gpjnt1k3ctqrh0000gn/T/tmp2kyipqhp -E  conftest.c
configure:3484: $? = 0
configure:3498: /var/folders/mp/lt30zlts6c3gpjnt1k3ctqrh0000gn/T/tmp2kyipqhp -E  conftest.c
conftest.c:9:10: fatal error: 'ac_nonexistent.h' file not found
#include <ac_nonexistent.h>
         ^~~~~~~~~~~~~~~~~~
1 error generated.
configure:3498: $? = 1
configure: failed program was:
| /* confdefs.h */
| #define PACKAGE_NAME "FreeType"
| #define PACKAGE_TARNAME "freetype"
| #define PACKAGE_VERSION "2.5.5"
| #define PACKAGE_STRING "FreeType 2.5.5"
| #define PACKAGE_BUGREPORT "freetype@nongnu.org"
| #define PACKAGE_URL ""
| /* end confdefs.h.  */
| #include <ac_nonexistent.h>
configure:3539: checking for aarch64-apple-darwin13-pkg-config
configure:3572: result: no
configure:3582: checking for pkg-config
configure:3600: found /usr/local/bin/pkg-config
configure:3612: result: /usr/local/bin/pkg-config
configure:3624: WARNING: using cross tools not prefixed with host triplet
configure:3637: checking pkg-config is at least version 0.24
configure:3640: result: yes
configure:3695: checking how to print strings
configure:3722: result: printf
configure:3743: checking for a sed that does not truncate output
configure:3807: result: /usr/bin/sed
configure:3825: checking for grep that handles long lines and -e
configure:3883: result: /usr/bin/grep
configure:3888: checking for egrep
configure:3950: result: /usr/bin/grep -E
configure:3955: checking for fgrep
configure:4017: result: /usr/bin/grep -F
configure:4052: checking for ld used by /var/folders/mp/lt30zlts6c3gpjnt1k3ctqrh0000gn/T/tmp2kyipqhp
configure:4119: result: /Applications/Xcode.app/Contents/Developer/Toolchains/XcodeDefault.xctoolchain/usr/bin/ld
configure:4126: checking if the linker (/Applications/Xcode.app/Contents/Developer/Toolchains/XcodeDefault.xctoolchain/usr/bin/ld) is GNU ld
configure:4141: result: no
configure:4153: checking for BSD- or MS-compatible name lister (nm)
configure:4202: result: no
configure:4216: checking for aarch64-apple-darwin13-dumpbin
configure:4246: result: no
configure:4216: checking for aarch64-apple-darwin13-link
configure:4246: result: no
configure:4260: checking for dumpbin
configure:4290: result: no
configure:4260: checking for link
configure:4276: found /bin/link
configure:4287: result: link -dump
configure:4332: checking the name lister (nm) interface
configure:4339: /var/folders/mp/lt30zlts6c3gpjnt1k3ctqrh0000gn/T/tmp2kyipqhp -c -O3 -miphoneos-version-min=8.0 -I/Users/tranxuandien/Documents/vscode/Project/MobileAPP/dist/include/arm64/freetype -I/Users/tranxuandien/Documents/vscode/Project/MobileAPP/dist/include/arm64/hostlibffi -I/Users/tranxuandien/Documents/vscode/Project/MobileAPP/dist/include/arm64/ffi -I/Users/tranxuandien/Documents/vscode/Project/MobileAPP/dist/include/arm64/openssl -I/Users/tranxuandien/Documents/vscode/Project/MobileAPP/dist/include/common/sdl2 -I/Users/tranxuandien/Documents/vscode/Project/MobileAPP/dist/include/common/sdl2_image -I/Users/tranxuandien/Documents/vscode/Project/MobileAPP/dist/include/common/sdl2_mixer -I/Users/tranxuandien/Documents/vscode/Project/MobileAPP/dist/include/common/sdl2_ttf -I/Users/tranxuandien/Documents/vscode/Project/MobileAPP/dist/include/arm64  conftest.c >&5
configure:4342: nm "conftest.o"
configure:4345: output
0000000000000000 S _some_variable
0000000000000000 t ltmp0
0000000000000000 s ltmp1
configure:4352: result: BSD nm
configure:4355: checking whether ln -s works
configure:4359: result: yes
configure:4367: checking the maximum length of command line arguments
configure:4498: result: 196608
configure:4546: checking how to convert x86_64-apple-darwin19.6.0 file names to aarch64-apple-darwin13 format
configure:4586: result: func_convert_file_noop
configure:4593: checking how to convert x86_64-apple-darwin19.6.0 file names to toolchain format
configure:4613: result: func_convert_file_noop
configure:4620: checking for /Applications/Xcode.app/Contents/Developer/Toolchains/XcodeDefault.xctoolchain/usr/bin/ld option to reload object files
configure:4627: result: -r
configure:4661: checking for aarch64-apple-darwin13-objdump
configure:4691: result: no
configure:4701: checking for objdump
configure:4717: found /usr/bin/objdump
configure:4728: result: objdump
configure:4757: checking how to recognize dependent libraries
configure:4954: result: pass_all
configure:4999: checking for aarch64-apple-darwin13-dlltool
configure:5029: result: no
configure:5039: checking for dlltool
configure:5069: result: no
configure:5096: checking how to associate runtime and link libraries
configure:5123: result: printf %s\n
configure:5140: checking for aarch64-apple-darwin13-ar
configure:5170: result: no
configure:5184: checking for ar
configure:5200: found /usr/bin/ar
configure:5211: result: ar
configure:5248: checking for archiver @FILE support
configure:5265: /var/folders/mp/lt30zlts6c3gpjnt1k3ctqrh0000gn/T/tmp2kyipqhp -c -O3 -miphoneos-version-min=8.0 -I/Users/tranxuandien/Documents/vscode/Project/MobileAPP/dist/include/arm64/freetype -I/Users/tranxuandien/Documents/vscode/Project/MobileAPP/dist/include/arm64/hostlibffi -I/Users/tranxuandien/Documents/vscode/Project/MobileAPP/dist/include/arm64/ffi -I/Users/tranxuandien/Documents/vscode/Project/MobileAPP/dist/include/arm64/openssl -I/Users/tranxuandien/Documents/vscode/Project/MobileAPP/dist/include/common/sdl2 -I/Users/tranxuandien/Documents/vscode/Project/MobileAPP/dist/include/common/sdl2_image -I/Users/tranxuandien/Documents/vscode/Project/MobileAPP/dist/include/common/sdl2_mixer -I/Users/tranxuandien/Documents/vscode/Project/MobileAPP/dist/include/common/sdl2_ttf -I/Users/tranxuandien/Documents/vscode/Project/MobileAPP/dist/include/arm64  conftest.c >&5
configure:5265: $? = 0
configure:5268: ar cru libconftest.a @conftest.lst >&5
ar: @conftest.lst: No such file or directory
configure:5271: $? = 1
configure:5291: result: no
configure:5309: checking for aarch64-apple-darwin13-strip
configure:5339: result: no
configure:5349: checking for strip
configure:5365: found /usr/bin/strip
configure:5376: result: strip
configure:5408: checking for aarch64-apple-darwin13-ranlib
configure:5438: result: no
configure:5448: checking for ranlib
configure:5464: found /usr/bin/ranlib
configure:5475: result: ranlib
configure:5552: checking for gawk
configure:5582: result: no
configure:5552: checking for mawk
configure:5582: result: no
configure:5552: checking for nawk
configure:5582: result: no
configure:5552: checking for awk
configure:5568: found /usr/bin/awk
configure:5579: result: awk
configure:5619: checking command to parse nm output from /var/folders/mp/lt30zlts6c3gpjnt1k3ctqrh0000gn/T/tmp2kyipqhp object
configure:5772: /var/folders/mp/lt30zlts6c3gpjnt1k3ctqrh0000gn/T/tmp2kyipqhp -c -O3 -miphoneos-version-min=8.0 -I/Users/tranxuandien/Documents/vscode/Project/MobileAPP/dist/include/arm64/freetype -I/Users/tranxuandien/Documents/vscode/Project/MobileAPP/dist/include/arm64/hostlibffi -I/Users/tranxuandien/Documents/vscode/Project/MobileAPP/dist/include/arm64/ffi -I/Users/tranxuandien/Documents/vscode/Project/MobileAPP/dist/include/arm64/openssl -I/Users/tranxuandien/Documents/vscode/Project/MobileAPP/dist/include/common/sdl2 -I/Users/tranxuandien/Documents/vscode/Project/MobileAPP/dist/include/common/sdl2_image -I/Users/tranxuandien/Documents/vscode/Project/MobileAPP/dist/include/common/sdl2_mixer -I/Users/tranxuandien/Documents/vscode/Project/MobileAPP/dist/include/common/sdl2_ttf -I/Users/tranxuandien/Documents/vscode/Project/MobileAPP/dist/include/arm64  conftest.c >&5
configure:5775: $? = 0
configure:5779: nm conftest.o \| sed -n -e 's/^.*[ ]\([BCDEGRST][BCDEGRST]*\)[ ][ ]*\([_A-Za-z][_A-Za-z0-9]*\)$/\1 \2 \2/p' | sed '/ __gnu_lto/d' \> conftest.nm
configure:5782: $? = 0
cannot find nm_test_var in conftest.nm
configure:5772: /var/folders/mp/lt30zlts6c3gpjnt1k3ctqrh0000gn/T/tmp2kyipqhp -c -O3 -miphoneos-version-min=8.0 -I/Users/tranxuandien/Documents/vscode/Project/MobileAPP/dist/include/arm64/freetype -I/Users/tranxuandien/Documents/vscode/Project/MobileAPP/dist/include/arm64/hostlibffi -I/Users/tranxuandien/Documents/vscode/Project/MobileAPP/dist/include/arm64/ffi -I/Users/tranxuandien/Documents/vscode/Project/MobileAPP/dist/include/arm64/openssl -I/Users/tranxuandien/Documents/vscode/Project/MobileAPP/dist/include/common/sdl2 -I/Users/tranxuandien/Documents/vscode/Project/MobileAPP/dist/include/common/sdl2_image -I/Users/tranxuandien/Documents/vscode/Project/MobileAPP/dist/include/common/sdl2_mixer -I/Users/tranxuandien/Documents/vscode/Project/MobileAPP/dist/include/common/sdl2_ttf -I/Users/tranxuandien/Documents/vscode/Project/MobileAPP/dist/include/arm64  conftest.c >&5
configure:5775: $? = 0
configure:5779: nm conftest.o \| sed -n -e 's/^.*[ ]\([BCDEGRST][BCDEGRST]*\)[ ][ ]*_\([_A-Za-z][_A-Za-z0-9]*\)$/\1 _\2 \2/p' | sed '/ __gnu_lto/d' \> conftest.nm
configure:5782: $? = 0
configure:5848: /var/folders/mp/lt30zlts6c3gpjnt1k3ctqrh0000gn/T/tmp2kyipqhp -o conftest -O3 -miphoneos-version-min=8.0 -I/Users/tranxuandien/Documents/vscode/Project/MobileAPP/dist/include/arm64/freetype -I/Users/tranxuandien/Documents/vscode/Project/MobileAPP/dist/include/arm64/hostlibffi -I/Users/tranxuandien/Documents/vscode/Project/MobileAPP/dist/include/arm64/ffi -I/Users/tranxuandien/Documents/vscode/Project/MobileAPP/dist/include/arm64/openssl -I/Users/tranxuandien/Documents/vscode/Project/MobileAPP/dist/include/common/sdl2 -I/Users/tranxuandien/Documents/vscode/Project/MobileAPP/dist/include/common/sdl2_image -I/Users/tranxuandien/Documents/vscode/Project/MobileAPP/dist/include/common/sdl2_mixer -I/Users/tranxuandien/Documents/vscode/Project/MobileAPP/dist/include/common/sdl2_ttf -I/Users/tranxuandien/Documents/vscode/Project/MobileAPP/dist/include/arm64  -arch arm64 -L/Users/tranxuandien/Documents/vscode/Project/MobileAPP/dist/lib -L/Applications/Xcode.app/Contents/Developer/Platforms/iPhoneOS.platform/Developer/SDKs/iPhoneOS13.6.sdk/usr/lib -miphoneos-version-min=8.0 conftest.c conftstm.o >&5
ld: warning: directory not found for option '-L/Users/tranxuandien/Documents/vscode/Project/MobileAPP/dist/lib'
configure:5851: $? = 0
configure:5889: result: ok
configure:5936: checking for sysroot
configure:5966: result: no
configure:6239: checking for aarch64-apple-darwin13-mt
configure:6269: result: no
configure:6279: checking for mt
configure:6309: result: no
configure:6329: checking if : is a manifest tool
configure:6335: : '-?'
configure:6343: result: no
configure:6359: checking for aarch64-apple-darwin13-dsymutil
configure:6389: result: no
configure:6399: checking for dsymutil
configure:6415: found /usr/bin/dsymutil
configure:6426: result: dsymutil
configure:6451: checking for aarch64-apple-darwin13-nmedit
configure:6481: result: no
configure:6491: checking for nmedit
configure:6507: found /usr/bin/nmedit
configure:6518: result: nmedit
configure:6543: checking for aarch64-apple-darwin13-lipo
configure:6573: result: no
configure:6583: checking for lipo
configure:6599: found /usr/bin/lipo
configure:6610: result: lipo
configure:6635: checking for aarch64-apple-darwin13-otool
configure:6665: result: no
configure:6675: checking for otool
configure:6691: found /usr/bin/otool
configure:6702: result: otool
configure:6727: checking for aarch64-apple-darwin13-otool64
configure:6757: result: no
configure:6767: checking for otool64
configure:6797: result: no
configure:6842: checking for -single_module linker flag
/var/folders/mp/lt30zlts6c3gpjnt1k3ctqrh0000gn/T/tmp2kyipqhp -O3 -miphoneos-version-min=8.0 -I/Users/tranxuandien/Documents/vscode/Project/MobileAPP/dist/include/arm64/freetype -I/Users/tranxuandien/Documents/vscode/Project/MobileAPP/dist/include/arm64/hostlibffi -I/Users/tranxuandien/Documents/vscode/Project/MobileAPP/dist/include/arm64/ffi -I/Users/tranxuandien/Documents/vscode/Project/MobileAPP/dist/include/arm64/openssl -I/Users/tranxuandien/Documents/vscode/Project/MobileAPP/dist/include/common/sdl2 -I/Users/tranxuandien/Documents/vscode/Project/MobileAPP/dist/include/common/sdl2_image -I/Users/tranxuandien/Documents/vscode/Project/MobileAPP/dist/include/common/sdl2_mixer -I/Users/tranxuandien/Documents/vscode/Project/MobileAPP/dist/include/common/sdl2_ttf -I/Users/tranxuandien/Documents/vscode/Project/MobileAPP/dist/include/arm64 -arch arm64 -L/Users/tranxuandien/Documents/vscode/Project/MobileAPP/dist/lib -L/Applications/Xcode.app/Contents/Developer/Platforms/iPhoneOS.platform/Developer/SDKs/iPhoneOS13.6.sdk/usr/lib -miphoneos-version-min=8.0 -o libconftest.dylib -dynamiclib -Wl,-single_module conftest.c
configure:6875: result: yes
configure:6878: checking for -exported_symbols_list linker flag
configure:6898: /var/folders/mp/lt30zlts6c3gpjnt1k3ctqrh0000gn/T/tmp2kyipqhp -o conftest -O3 -miphoneos-version-min=8.0 -I/Users/tranxuandien/Documents/vscode/Project/MobileAPP/dist/include/arm64/freetype -I/Users/tranxuandien/Documents/vscode/Project/MobileAPP/dist/include/arm64/hostlibffi -I/Users/tranxuandien/Documents/vscode/Project/MobileAPP/dist/include/arm64/ffi -I/Users/tranxuandien/Documents/vscode/Project/MobileAPP/dist/include/arm64/openssl -I/Users/tranxuandien/Documents/vscode/Project/MobileAPP/dist/include/common/sdl2 -I/Users/tranxuandien/Documents/vscode/Project/MobileAPP/dist/include/common/sdl2_image -I/Users/tranxuandien/Documents/vscode/Project/MobileAPP/dist/include/common/sdl2_mixer -I/Users/tranxuandien/Documents/vscode/Project/MobileAPP/dist/include/common/sdl2_ttf -I/Users/tranxuandien/Documents/vscode/Project/MobileAPP/dist/include/arm64  -arch arm64 -L/Users/tranxuandien/Documents/vscode/Project/MobileAPP/dist/lib -L/Applications/Xcode.app/Contents/Developer/Platforms/iPhoneOS.platform/Developer/SDKs/iPhoneOS13.6.sdk/usr/lib -miphoneos-version-min=8.0 -Wl,-exported_symbols_list,conftest.sym conftest.c  >&5
ld: warning: directory not found for option '-L/Users/tranxuandien/Documents/vscode/Project/MobileAPP/dist/lib'
configure:6898: $? = 0
configure:6908: result: yes
configure:6911: checking for -force_load linker flag
/var/folders/mp/lt30zlts6c3gpjnt1k3ctqrh0000gn/T/tmp2kyipqhp -O3 -miphoneos-version-min=8.0 -I/Users/tranxuandien/Documents/vscode/Project/MobileAPP/dist/include/arm64/freetype -I/Users/tranxuandien/Documents/vscode/Project/MobileAPP/dist/include/arm64/hostlibffi -I/Users/tranxuandien/Documents/vscode/Project/MobileAPP/dist/include/arm64/ffi -I/Users/tranxuandien/Documents/vscode/Project/MobileAPP/dist/include/arm64/openssl -I/Users/tranxuandien/Documents/vscode/Project/MobileAPP/dist/include/common/sdl2 -I/Users/tranxuandien/Documents/vscode/Project/MobileAPP/dist/include/common/sdl2_image -I/Users/tranxuandien/Documents/vscode/Project/MobileAPP/dist/include/common/sdl2_mixer -I/Users/tranxuandien/Documents/vscode/Project/MobileAPP/dist/include/common/sdl2_ttf -I/Users/tranxuandien/Documents/vscode/Project/MobileAPP/dist/include/arm64 -c -o conftest.o conftest.c
ar cru libconftest.a conftest.o
ranlib libconftest.a
/var/folders/mp/lt30zlts6c3gpjnt1k3ctqrh0000gn/T/tmp2kyipqhp -O3 -miphoneos-version-min=8.0 -I/Users/tranxuandien/Documents/vscode/Project/MobileAPP/dist/include/arm64/freetype -I/Users/tranxuandien/Documents/vscode/Project/MobileAPP/dist/include/arm64/hostlibffi -I/Users/tranxuandien/Documents/vscode/Project/MobileAPP/dist/include/arm64/ffi -I/Users/tranxuandien/Documents/vscode/Project/MobileAPP/dist/include/arm64/openssl -I/Users/tranxuandien/Documents/vscode/Project/MobileAPP/dist/include/common/sdl2 -I/Users/tranxuandien/Documents/vscode/Project/MobileAPP/dist/include/common/sdl2_image -I/Users/tranxuandien/Documents/vscode/Project/MobileAPP/dist/include/common/sdl2_mixer -I/Users/tranxuandien/Documents/vscode/Project/MobileAPP/dist/include/common/sdl2_ttf -I/Users/tranxuandien/Documents/vscode/Project/MobileAPP/dist/include/arm64 -arch arm64 -L/Users/tranxuandien/Documents/vscode/Project/MobileAPP/dist/lib -L/Applications/Xcode.app/Contents/Developer/Platforms/iPhoneOS.platform/Developer/SDKs/iPhoneOS13.6.sdk/usr/lib -miphoneos-version-min=8.0 -o conftest conftest.c -Wl,-force_load,./libconftest.a
configure:6943: result: yes
configure:6981: checking for ANSI C header files
configure:7001: /var/folders/mp/lt30zlts6c3gpjnt1k3ctqrh0000gn/T/tmp2kyipqhp -c -O3 -miphoneos-version-min=8.0 -I/Users/tranxuandien/Documents/vscode/Project/MobileAPP/dist/include/arm64/freetype -I/Users/tranxuandien/Documents/vscode/Project/MobileAPP/dist/include/arm64/hostlibffi -I/Users/tranxuandien/Documents/vscode/Project/MobileAPP/dist/include/arm64/ffi -I/Users/tranxuandien/Documents/vscode/Project/MobileAPP/dist/include/arm64/openssl -I/Users/tranxuandien/Documents/vscode/Project/MobileAPP/dist/include/common/sdl2 -I/Users/tranxuandien/Documents/vscode/Project/MobileAPP/dist/include/common/sdl2_image -I/Users/tranxuandien/Documents/vscode/Project/MobileAPP/dist/include/common/sdl2_mixer -I/Users/tranxuandien/Documents/vscode/Project/MobileAPP/dist/include/common/sdl2_ttf -I/Users/tranxuandien/Documents/vscode/Project/MobileAPP/dist/include/arm64  conftest.c >&5
configure:7001: $? = 0
configure:7085: result: yes
configure:7098: checking for sys/types.h
configure:7098: /var/folders/mp/lt30zlts6c3gpjnt1k3ctqrh0000gn/T/tmp2kyipqhp -c -O3 -miphoneos-version-min=8.0 -I/Users/tranxuandien/Documents/vscode/Project/MobileAPP/dist/include/arm64/freetype -I/Users/tranxuandien/Documents/vscode/Project/MobileAPP/dist/include/arm64/hostlibffi -I/Users/tranxuandien/Documents/vscode/Project/MobileAPP/dist/include/arm64/ffi -I/Users/tranxuandien/Documents/vscode/Project/MobileAPP/dist/include/arm64/openssl -I/Users/tranxuandien/Documents/vscode/Project/MobileAPP/dist/include/common/sdl2 -I/Users/tranxuandien/Documents/vscode/Project/MobileAPP/dist/include/common/sdl2_image -I/Users/tranxuandien/Documents/vscode/Project/MobileAPP/dist/include/common/sdl2_mixer -I/Users/tranxuandien/Documents/vscode/Project/MobileAPP/dist/include/common/sdl2_ttf -I/Users/tranxuandien/Documents/vscode/Project/MobileAPP/dist/include/arm64  conftest.c >&5
configure:7098: $? = 0
configure:7098: result: yes
configure:7098: checking for sys/stat.h
configure:7098: /var/folders/mp/lt30zlts6c3gpjnt1k3ctqrh0000gn/T/tmp2kyipqhp -c -O3 -miphoneos-version-min=8.0 -I/Users/tranxuandien/Documents/vscode/Project/MobileAPP/dist/include/arm64/freetype -I/Users/tranxuandien/Documents/vscode/Project/MobileAPP/dist/include/arm64/hostlibffi -I/Users/tranxuandien/Documents/vscode/Project/MobileAPP/dist/include/arm64/ffi -I/Users/tranxuandien/Documents/vscode/Project/MobileAPP/dist/include/arm64/openssl -I/Users/tranxuandien/Documents/vscode/Project/MobileAPP/dist/include/common/sdl2 -I/Users/tranxuandien/Documents/vscode/Project/MobileAPP/dist/include/common/sdl2_image -I/Users/tranxuandien/Documents/vscode/Project/MobileAPP/dist/include/common/sdl2_mixer -I/Users/tranxuandien/Documents/vscode/Project/MobileAPP/dist/include/common/sdl2_ttf -I/Users/tranxuandien/Documents/vscode/Project/MobileAPP/dist/include/arm64  conftest.c >&5
configure:7098: $? = 0
configure:7098: result: yes
configure:7098: checking for stdlib.h
configure:7098: /var/folders/mp/lt30zlts6c3gpjnt1k3ctqrh0000gn/T/tmp2kyipqhp -c -O3 -miphoneos-version-min=8.0 -I/Users/tranxuandien/Documents/vscode/Project/MobileAPP/dist/include/arm64/freetype -I/Users/tranxuandien/Documents/vscode/Project/MobileAPP/dist/include/arm64/hostlibffi -I/Users/tranxuandien/Documents/vscode/Project/MobileAPP/dist/include/arm64/ffi -I/Users/tranxuandien/Documents/vscode/Project/MobileAPP/dist/include/arm64/openssl -I/Users/tranxuandien/Documents/vscode/Project/MobileAPP/dist/include/common/sdl2 -I/Users/tranxuandien/Documents/vscode/Project/MobileAPP/dist/include/common/sdl2_image -I/Users/tranxuandien/Documents/vscode/Project/MobileAPP/dist/include/common/sdl2_mixer -I/Users/tranxuandien/Documents/vscode/Project/MobileAPP/dist/include/common/sdl2_ttf -I/Users/tranxuandien/Documents/vscode/Project/MobileAPP/dist/include/arm64  conftest.c >&5
configure:7098: $? = 0
configure:7098: result: yes
configure:7098: checking for string.h
configure:7098: /var/folders/mp/lt30zlts6c3gpjnt1k3ctqrh0000gn/T/tmp2kyipqhp -c -O3 -miphoneos-version-min=8.0 -I/Users/tranxuandien/Documents/vscode/Project/MobileAPP/dist/include/arm64/freetype -I/Users/tranxuandien/Documents/vscode/Project/MobileAPP/dist/include/arm64/hostlibffi -I/Users/tranxuandien/Documents/vscode/Project/MobileAPP/dist/include/arm64/ffi -I/Users/tranxuandien/Documents/vscode/Project/MobileAPP/dist/include/arm64/openssl -I/Users/tranxuandien/Documents/vscode/Project/MobileAPP/dist/include/common/sdl2 -I/Users/tranxuandien/Documents/vscode/Project/MobileAPP/dist/include/common/sdl2_image -I/Users/tranxuandien/Documents/vscode/Project/MobileAPP/dist/include/common/sdl2_mixer -I/Users/tranxuandien/Documents/vscode/Project/MobileAPP/dist/include/common/sdl2_ttf -I/Users/tranxuandien/Documents/vscode/Project/MobileAPP/dist/include/arm64  conftest.c >&5
configure:7098: $? = 0
configure:7098: result: yes
configure:7098: checking for memory.h
configure:7098: /var/folders/mp/lt30zlts6c3gpjnt1k3ctqrh0000gn/T/tmp2kyipqhp -c -O3 -miphoneos-version-min=8.0 -I/Users/tranxuandien/Documents/vscode/Project/MobileAPP/dist/include/arm64/freetype -I/Users/tranxuandien/Documents/vscode/Project/MobileAPP/dist/include/arm64/hostlibffi -I/Users/tranxuandien/Documents/vscode/Project/MobileAPP/dist/include/arm64/ffi -I/Users/tranxuandien/Documents/vscode/Project/MobileAPP/dist/include/arm64/openssl -I/Users/tranxuandien/Documents/vscode/Project/MobileAPP/dist/include/common/sdl2 -I/Users/tranxuandien/Documents/vscode/Project/MobileAPP/dist/include/common/sdl2_image -I/Users/tranxuandien/Documents/vscode/Project/MobileAPP/dist/include/common/sdl2_mixer -I/Users/tranxuandien/Documents/vscode/Project/MobileAPP/dist/include/common/sdl2_ttf -I/Users/tranxuandien/Documents/vscode/Project/MobileAPP/dist/include/arm64  conftest.c >&5
configure:7098: $? = 0
configure:7098: result: yes
configure:7098: checking for strings.h
configure:7098: /var/folders/mp/lt30zlts6c3gpjnt1k3ctqrh0000gn/T/tmp2kyipqhp -c -O3 -miphoneos-version-min=8.0 -I/Users/tranxuandien/Documents/vscode/Project/MobileAPP/dist/include/arm64/freetype -I/Users/tranxuandien/Documents/vscode/Project/MobileAPP/dist/include/arm64/hostlibffi -I/Users/tranxuandien/Documents/vscode/Project/MobileAPP/dist/include/arm64/ffi -I/Users/tranxuandien/Documents/vscode/Project/MobileAPP/dist/include/arm64/openssl -I/Users/tranxuandien/Documents/vscode/Project/MobileAPP/dist/include/common/sdl2 -I/Users/tranxuandien/Documents/vscode/Project/MobileAPP/dist/include/common/sdl2_image -I/Users/tranxuandien/Documents/vscode/Project/MobileAPP/dist/include/common/sdl2_mixer -I/Users/tranxuandien/Documents/vscode/Project/MobileAPP/dist/include/common/sdl2_ttf -I/Users/tranxuandien/Documents/vscode/Project/MobileAPP/dist/include/arm64  conftest.c >&5
configure:7098: $? = 0
configure:7098: result: yes
configure:7098: checking for inttypes.h
configure:7098: /var/folders/mp/lt30zlts6c3gpjnt1k3ctqrh0000gn/T/tmp2kyipqhp -c -O3 -miphoneos-version-min=8.0 -I/Users/tranxuandien/Documents/vscode/Project/MobileAPP/dist/include/arm64/freetype -I/Users/tranxuandien/Documents/vscode/Project/MobileAPP/dist/include/arm64/hostlibffi -I/Users/tranxuandien/Documents/vscode/Project/MobileAPP/dist/include/arm64/ffi -I/Users/tranxuandien/Documents/vscode/Project/MobileAPP/dist/include/arm64/openssl -I/Users/tranxuandien/Documents/vscode/Project/MobileAPP/dist/include/common/sdl2 -I/Users/tranxuandien/Documents/vscode/Project/MobileAPP/dist/include/common/sdl2_image -I/Users/tranxuandien/Documents/vscode/Project/MobileAPP/dist/include/common/sdl2_mixer -I/Users/tranxuandien/Documents/vscode/Project/MobileAPP/dist/include/common/sdl2_ttf -I/Users/tranxuandien/Documents/vscode/Project/MobileAPP/dist/include/arm64  conftest.c >&5
configure:7098: $? = 0
configure:7098: result: yes
configure:7098: checking for stdint.h
configure:7098: /var/folders/mp/lt30zlts6c3gpjnt1k3ctqrh0000gn/T/tmp2kyipqhp -c -O3 -miphoneos-version-min=8.0 -I/Users/tranxuandien/Documents/vscode/Project/MobileAPP/dist/include/arm64/freetype -I/Users/tranxuandien/Documents/vscode/Project/MobileAPP/dist/include/arm64/hostlibffi -I/Users/tranxuandien/Documents/vscode/Project/MobileAPP/dist/include/arm64/ffi -I/Users/tranxuandien/Documents/vscode/Project/MobileAPP/dist/include/arm64/openssl -I/Users/tranxuandien/Documents/vscode/Project/MobileAPP/dist/include/common/sdl2 -I/Users/tranxuandien/Documents/vscode/Project/MobileAPP/dist/include/common/sdl2_image -I/Users/tranxuandien/Documents/vscode/Project/MobileAPP/dist/include/common/sdl2_mixer -I/Users/tranxuandien/Documents/vscode/Project/MobileAPP/dist/include/common/sdl2_ttf -I/Users/tranxuandien/Documents/vscode/Project/MobileAPP/dist/include/arm64  conftest.c >&5
configure:7098: $? = 0
configure:7098: result: yes
configure:7098: checking for unistd.h
configure:7098: /var/folders/mp/lt30zlts6c3gpjnt1k3ctqrh0000gn/T/tmp2kyipqhp -c -O3 -miphoneos-version-min=8.0 -I/Users/tranxuandien/Documents/vscode/Project/MobileAPP/dist/include/arm64/freetype -I/Users/tranxuandien/Documents/vscode/Project/MobileAPP/dist/include/arm64/hostlibffi -I/Users/tranxuandien/Documents/vscode/Project/MobileAPP/dist/include/arm64/ffi -I/Users/tranxuandien/Documents/vscode/Project/MobileAPP/dist/include/arm64/openssl -I/Users/tranxuandien/Documents/vscode/Project/MobileAPP/dist/include/common/sdl2 -I/Users/tranxuandien/Documents/vscode/Project/MobileAPP/dist/include/common/sdl2_image -I/Users/tranxuandien/Documents/vscode/Project/MobileAPP/dist/include/common/sdl2_mixer -I/Users/tranxuandien/Documents/vscode/Project/MobileAPP/dist/include/common/sdl2_ttf -I/Users/tranxuandien/Documents/vscode/Project/MobileAPP/dist/include/arm64  conftest.c >&5
configure:7098: $? = 0
configure:7098: result: yes
configure:7112: checking for dlfcn.h
configure:7112: /var/folders/mp/lt30zlts6c3gpjnt1k3ctqrh0000gn/T/tmp2kyipqhp -c -O3 -miphoneos-version-min=8.0 -I/Users/tranxuandien/Documents/vscode/Project/MobileAPP/dist/include/arm64/freetype -I/Users/tranxuandien/Documents/vscode/Project/MobileAPP/dist/include/arm64/hostlibffi -I/Users/tranxuandien/Documents/vscode/Project/MobileAPP/dist/include/arm64/ffi -I/Users/tranxuandien/Documents/vscode/Project/MobileAPP/dist/include/arm64/openssl -I/Users/tranxuandien/Documents/vscode/Project/MobileAPP/dist/include/common/sdl2 -I/Users/tranxuandien/Documents/vscode/Project/MobileAPP/dist/include/common/sdl2_image -I/Users/tranxuandien/Documents/vscode/Project/MobileAPP/dist/include/common/sdl2_mixer -I/Users/tranxuandien/Documents/vscode/Project/MobileAPP/dist/include/common/sdl2_ttf -I/Users/tranxuandien/Documents/vscode/Project/MobileAPP/dist/include/arm64  conftest.c >&5
configure:7112: $? = 0
configure:7112: result: yes
configure:7614: checking for objdir
configure:7629: result: .libs
configure:7896: checking if /var/folders/mp/lt30zlts6c3gpjnt1k3ctqrh0000gn/T/tmp2kyipqhp supports -fno-rtti -fno-exceptions
configure:7914: /var/folders/mp/lt30zlts6c3gpjnt1k3ctqrh0000gn/T/tmp2kyipqhp -c -O3 -miphoneos-version-min=8.0 -I/Users/tranxuandien/Documents/vscode/Project/MobileAPP/dist/include/arm64/freetype -I/Users/tranxuandien/Documents/vscode/Project/MobileAPP/dist/include/arm64/hostlibffi -I/Users/tranxuandien/Documents/vscode/Project/MobileAPP/dist/include/arm64/ffi -I/Users/tranxuandien/Documents/vscode/Project/MobileAPP/dist/include/arm64/openssl -I/Users/tranxuandien/Documents/vscode/Project/MobileAPP/dist/include/common/sdl2 -I/Users/tranxuandien/Documents/vscode/Project/MobileAPP/dist/include/common/sdl2_image -I/Users/tranxuandien/Documents/vscode/Project/MobileAPP/dist/include/common/sdl2_mixer -I/Users/tranxuandien/Documents/vscode/Project/MobileAPP/dist/include/common/sdl2_ttf -I/Users/tranxuandien/Documents/vscode/Project/MobileAPP/dist/include/arm64  -fno-rtti -fno-exceptions conftest.c >&5
configure:7918: $? = 0
configure:7931: result: yes
configure:8279: checking for /var/folders/mp/lt30zlts6c3gpjnt1k3ctqrh0000gn/T/tmp2kyipqhp option to produce PIC
configure:8286: result: -fno-common -DPIC
configure:8294: checking if /var/folders/mp/lt30zlts6c3gpjnt1k3ctqrh0000gn/T/tmp2kyipqhp PIC flag -fno-common -DPIC works
configure:8312: /var/folders/mp/lt30zlts6c3gpjnt1k3ctqrh0000gn/T/tmp2kyipqhp -c -O3 -miphoneos-version-min=8.0 -I/Users/tranxuandien/Documents/vscode/Project/MobileAPP/dist/include/arm64/freetype -I/Users/tranxuandien/Documents/vscode/Project/MobileAPP/dist/include/arm64/hostlibffi -I/Users/tranxuandien/Documents/vscode/Project/MobileAPP/dist/include/arm64/ffi -I/Users/tranxuandien/Documents/vscode/Project/MobileAPP/dist/include/arm64/openssl -I/Users/tranxuandien/Documents/vscode/Project/MobileAPP/dist/include/common/sdl2 -I/Users/tranxuandien/Documents/vscode/Project/MobileAPP/dist/include/common/sdl2_image -I/Users/tranxuandien/Documents/vscode/Project/MobileAPP/dist/include/common/sdl2_mixer -I/Users/tranxuandien/Documents/vscode/Project/MobileAPP/dist/include/common/sdl2_ttf -I/Users/tranxuandien/Documents/vscode/Project/MobileAPP/dist/include/arm64  -fno-common -DPIC -DPIC conftest.c >&5
configure:8316: $? = 0
configure:8329: result: yes
configure:8358: checking if /var/folders/mp/lt30zlts6c3gpjnt1k3ctqrh0000gn/T/tmp2kyipqhp static flag -static works
configure:8386: result: no
configure:8401: checking if /var/folders/mp/lt30zlts6c3gpjnt1k3ctqrh0000gn/T/tmp2kyipqhp supports -c -o file.o
configure:8422: /var/folders/mp/lt30zlts6c3gpjnt1k3ctqrh0000gn/T/tmp2kyipqhp -c -O3 -miphoneos-version-min=8.0 -I/Users/tranxuandien/Documents/vscode/Project/MobileAPP/dist/include/arm64/freetype -I/Users/tranxuandien/Documents/vscode/Project/MobileAPP/dist/include/arm64/hostlibffi -I/Users/tranxuandien/Documents/vscode/Project/MobileAPP/dist/include/arm64/ffi -I/Users/tranxuandien/Documents/vscode/Project/MobileAPP/dist/include/arm64/openssl -I/Users/tranxuandien/Documents/vscode/Project/MobileAPP/dist/include/common/sdl2 -I/Users/tranxuandien/Documents/vscode/Project/MobileAPP/dist/include/common/sdl2_image -I/Users/tranxuandien/Documents/vscode/Project/MobileAPP/dist/include/common/sdl2_mixer -I/Users/tranxuandien/Documents/vscode/Project/MobileAPP/dist/include/common/sdl2_ttf -I/Users/tranxuandien/Documents/vscode/Project/MobileAPP/dist/include/arm64  -o out/conftest2.o conftest.c >&5
configure:8426: $? = 0
configure:8448: result: yes
configure:8456: checking if /var/folders/mp/lt30zlts6c3gpjnt1k3ctqrh0000gn/T/tmp2kyipqhp supports -c -o file.o
configure:8503: result: yes
configure:8536: checking whether the /var/folders/mp/lt30zlts6c3gpjnt1k3ctqrh0000gn/T/tmp2kyipqhp linker (/Applications/Xcode.app/Contents/Developer/Toolchains/XcodeDefault.xctoolchain/usr/bin/ld) supports shared libraries
configure:9684: result: yes
configure:9924: checking dynamic linker characteristics
configure:10662: result: darwin13 dyld
configure:10769: checking how to hardcode library paths into programs
configure:10794: result: immediate
configure:11342: checking whether stripping libraries is possible
configure:11356: result: yes
configure:11382: checking if libtool supports shared libraries
configure:11384: result: yes
configure:11387: checking whether to build shared libraries
configure:11408: result: no
configure:11411: checking whether to build static libraries
configure:11415: result: yes
configure:11459: checking for x86_64-apple-darwin19.6.0-gcc
configure:11489: result: no
configure:11496: checking for gcc
configure:11512: found /usr/bin/gcc
configure:11523: result: gcc
configure:11533: checking for gcc
configure:11577: result: gcc
configure:11587: checking for suffix of native executables
configure:11601: result: 
configure:11616: checking for rmdir
configure:11632: found /bin/rmdir
configure:11643: result: rmdir
configure:11671: checking for a BSD-compatible install
configure:11739: result: /usr/bin/install -c
configure:11761: checking for ANSI C header files
configure:11865: result: yes
configure:11876: checking fcntl.h usability
configure:11876: /var/folders/mp/lt30zlts6c3gpjnt1k3ctqrh0000gn/T/tmp2kyipqhp -c -O3 -miphoneos-version-min=8.0 -I/Users/tranxuandien/Documents/vscode/Project/MobileAPP/dist/include/arm64/freetype -I/Users/tranxuandien/Documents/vscode/Project/MobileAPP/dist/include/arm64/hostlibffi -I/Users/tranxuandien/Documents/vscode/Project/MobileAPP/dist/include/arm64/ffi -I/Users/tranxuandien/Documents/vscode/Project/MobileAPP/dist/include/arm64/openssl -I/Users/tranxuandien/Documents/vscode/Project/MobileAPP/dist/include/common/sdl2 -I/Users/tranxuandien/Documents/vscode/Project/MobileAPP/dist/include/common/sdl2_image -I/Users/tranxuandien/Documents/vscode/Project/MobileAPP/dist/include/common/sdl2_mixer -I/Users/tranxuandien/Documents/vscode/Project/MobileAPP/dist/include/common/sdl2_ttf -I/Users/tranxuandien/Documents/vscode/Project/MobileAPP/dist/include/arm64  conftest.c >&5
configure:11876: $? = 0
configure:11876: result: yes
configure:11876: checking fcntl.h presence
configure:11876: /var/folders/mp/lt30zlts6c3gpjnt1k3ctqrh0000gn/T/tmp2kyipqhp -E  conftest.c
configure:11876: $? = 0
configure:11876: result: yes
configure:11876: checking for fcntl.h
configure:11876: result: yes
configure:11876: checking for unistd.h
configure:11876: result: yes
configure:11890: checking for an ANSI C-conforming const
configure:11956: /var/folders/mp/lt30zlts6c3gpjnt1k3ctqrh0000gn/T/tmp2kyipqhp -c -O3 -miphoneos-version-min=8.0 -I/Users/tranxuandien/Documents/vscode/Project/MobileAPP/dist/include/arm64/freetype -I/Users/tranxuandien/Documents/vscode/Project/MobileAPP/dist/include/arm64/hostlibffi -I/Users/tranxuandien/Documents/vscode/Project/MobileAPP/dist/include/arm64/ffi -I/Users/tranxuandien/Documents/vscode/Project/MobileAPP/dist/include/arm64/openssl -I/Users/tranxuandien/Documents/vscode/Project/MobileAPP/dist/include/common/sdl2 -I/Users/tranxuandien/Documents/vscode/Project/MobileAPP/dist/include/common/sdl2_image -I/Users/tranxuandien/Documents/vscode/Project/MobileAPP/dist/include/common/sdl2_mixer -I/Users/tranxuandien/Documents/vscode/Project/MobileAPP/dist/include/common/sdl2_ttf -I/Users/tranxuandien/Documents/vscode/Project/MobileAPP/dist/include/arm64  conftest.c >&5
configure:11956: $? = 0
configure:11963: result: yes
configure:11975: checking size of int
configure:11980: /var/folders/mp/lt30zlts6c3gpjnt1k3ctqrh0000gn/T/tmp2kyipqhp -c -O3 -miphoneos-version-min=8.0 -I/Users/tranxuandien/Documents/vscode/Project/MobileAPP/dist/include/arm64/freetype -I/Users/tranxuandien/Documents/vscode/Project/MobileAPP/dist/include/arm64/hostlibffi -I/Users/tranxuandien/Documents/vscode/Project/MobileAPP/dist/include/arm64/ffi -I/Users/tranxuandien/Documents/vscode/Project/MobileAPP/dist/include/arm64/openssl -I/Users/tranxuandien/Documents/vscode/Project/MobileAPP/dist/include/common/sdl2 -I/Users/tranxuandien/Documents/vscode/Project/MobileAPP/dist/include/common/sdl2_image -I/Users/tranxuandien/Documents/vscode/Project/MobileAPP/dist/include/common/sdl2_mixer -I/Users/tranxuandien/Documents/vscode/Project/MobileAPP/dist/include/common/sdl2_ttf -I/Users/tranxuandien/Documents/vscode/Project/MobileAPP/dist/include/arm64  conftest.c >&5
configure:11980: $? = 0
configure:11980: /var/folders/mp/lt30zlts6c3gpjnt1k3ctqrh0000gn/T/tmp2kyipqhp -c -O3 -miphoneos-version-min=8.0 -I/Users/tranxuandien/Documents/vscode/Project/MobileAPP/dist/include/arm64/freetype -I/Users/tranxuandien/Documents/vscode/Project/MobileAPP/dist/include/arm64/hostlibffi -I/Users/tranxuandien/Documents/vscode/Project/MobileAPP/dist/include/arm64/ffi -I/Users/tranxuandien/Documents/vscode/Project/MobileAPP/dist/include/arm64/openssl -I/Users/tranxuandien/Documents/vscode/Project/MobileAPP/dist/include/common/sdl2 -I/Users/tranxuandien/Documents/vscode/Project/MobileAPP/dist/include/common/sdl2_image -I/Users/tranxuandien/Documents/vscode/Project/MobileAPP/dist/include/common/sdl2_mixer -I/Users/tranxuandien/Documents/vscode/Project/MobileAPP/dist/include/common/sdl2_ttf -I/Users/tranxuandien/Documents/vscode/Project/MobileAPP/dist/include/arm64  conftest.c >&5
conftest.c:60:24: error: 'test_array' declared as an array with a negative size
static int test_array [1 - 2 * !(((long int) (sizeof (int))) <= 0)];
                       ^~~~~~~~~~~~~~~~~~~~~~~~~~~~~~~~~~~~~~~~~~~
1 error generated.
configure:11980: $? = 1
configure: failed program was:
| /* confdefs.h */
| #define PACKAGE_NAME "FreeType"
| #define PACKAGE_TARNAME "freetype"
| #define PACKAGE_VERSION "2.5.5"
| #define PACKAGE_STRING "FreeType 2.5.5"
| #define PACKAGE_BUGREPORT "freetype@nongnu.org"
| #define PACKAGE_URL ""
| #define STDC_HEADERS 1
| #define HAVE_SYS_TYPES_H 1
| #define HAVE_SYS_STAT_H 1
| #define HAVE_STDLIB_H 1
| #define HAVE_STRING_H 1
| #define HAVE_MEMORY_H 1
| #define HAVE_STRINGS_H 1
| #define HAVE_INTTYPES_H 1
| #define HAVE_STDINT_H 1
| #define HAVE_UNISTD_H 1
| #define HAVE_DLFCN_H 1
| #define LT_OBJDIR ".libs/"
| #define STDC_HEADERS 1
| #define HAVE_FCNTL_H 1
| #define HAVE_UNISTD_H 1
| /* end confdefs.h.  */
| #include <stdio.h>
| #ifdef HAVE_SYS_TYPES_H
| # include <sys/types.h>
| #endif
| #ifdef HAVE_SYS_STAT_H
| # include <sys/stat.h>
| #endif
| #ifdef STDC_HEADERS
| # include <stdlib.h>
| # include <stddef.h>
| #else
| # ifdef HAVE_STDLIB_H
| #  include <stdlib.h>
| # endif
| #endif
| #ifdef HAVE_STRING_H
| # if !defined STDC_HEADERS && defined HAVE_MEMORY_H
| #  include <memory.h>
| # endif
| # include <string.h>
| #endif
| #ifdef HAVE_STRINGS_H
| # include <strings.h>
| #endif
| #ifdef HAVE_INTTYPES_H
| # include <inttypes.h>
| #endif
| #ifdef HAVE_STDINT_H
| # include <stdint.h>
| #endif
| #ifdef HAVE_UNISTD_H
| # include <unistd.h>
| #endif
| int
| main ()
| {
| static int test_array [1 - 2 * !(((long int) (sizeof (int))) <= 0)];
| test_array [0] = 0;
| return test_array [0];
| 
|   ;
|   return 0;
| }
configure:11980: /var/folders/mp/lt30zlts6c3gpjnt1k3ctqrh0000gn/T/tmp2kyipqhp -c -O3 -miphoneos-version-min=8.0 -I/Users/tranxuandien/Documents/vscode/Project/MobileAPP/dist/include/arm64/freetype -I/Users/tranxuandien/Documents/vscode/Project/MobileAPP/dist/include/arm64/hostlibffi -I/Users/tranxuandien/Documents/vscode/Project/MobileAPP/dist/include/arm64/ffi -I/Users/tranxuandien/Documents/vscode/Project/MobileAPP/dist/include/arm64/openssl -I/Users/tranxuandien/Documents/vscode/Project/MobileAPP/dist/include/common/sdl2 -I/Users/tranxuandien/Documents/vscode/Project/MobileAPP/dist/include/common/sdl2_image -I/Users/tranxuandien/Documents/vscode/Project/MobileAPP/dist/include/common/sdl2_mixer -I/Users/tranxuandien/Documents/vscode/Project/MobileAPP/dist/include/common/sdl2_ttf -I/Users/tranxuandien/Documents/vscode/Project/MobileAPP/dist/include/arm64  conftest.c >&5
conftest.c:60:24: error: 'test_array' declared as an array with a negative size
static int test_array [1 - 2 * !(((long int) (sizeof (int))) <= 1)];
                       ^~~~~~~~~~~~~~~~~~~~~~~~~~~~~~~~~~~~~~~~~~~
1 error generated.
configure:11980: $? = 1
configure: failed program was:
| /* confdefs.h */
| #define PACKAGE_NAME "FreeType"
| #define PACKAGE_TARNAME "freetype"
| #define PACKAGE_VERSION "2.5.5"
| #define PACKAGE_STRING "FreeType 2.5.5"
| #define PACKAGE_BUGREPORT "freetype@nongnu.org"
| #define PACKAGE_URL ""
| #define STDC_HEADERS 1
| #define HAVE_SYS_TYPES_H 1
| #define HAVE_SYS_STAT_H 1
| #define HAVE_STDLIB_H 1
| #define HAVE_STRING_H 1
| #define HAVE_MEMORY_H 1
| #define HAVE_STRINGS_H 1
| #define HAVE_INTTYPES_H 1
| #define HAVE_STDINT_H 1
| #define HAVE_UNISTD_H 1
| #define HAVE_DLFCN_H 1
| #define LT_OBJDIR ".libs/"
| #define STDC_HEADERS 1
| #define HAVE_FCNTL_H 1
| #define HAVE_UNISTD_H 1
| /* end confdefs.h.  */
| #include <stdio.h>
| #ifdef HAVE_SYS_TYPES_H
| # include <sys/types.h>
| #endif
| #ifdef HAVE_SYS_STAT_H
| # include <sys/stat.h>
| #endif
| #ifdef STDC_HEADERS
| # include <stdlib.h>
| # include <stddef.h>
| #else
| # ifdef HAVE_STDLIB_H
| #  include <stdlib.h>
| # endif
| #endif
| #ifdef HAVE_STRING_H
| # if !defined STDC_HEADERS && defined HAVE_MEMORY_H
| #  include <memory.h>
| # endif
| # include <string.h>
| #endif
| #ifdef HAVE_STRINGS_H
| # include <strings.h>
| #endif
| #ifdef HAVE_INTTYPES_H
| # include <inttypes.h>
| #endif
| #ifdef HAVE_STDINT_H
| # include <stdint.h>
| #endif
| #ifdef HAVE_UNISTD_H
| # include <unistd.h>
| #endif
| int
| main ()
| {
| static int test_array [1 - 2 * !(((long int) (sizeof (int))) <= 1)];
| test_array [0] = 0;
| return test_array [0];
| 
|   ;
|   return 0;
| }
configure:11980: /var/folders/mp/lt30zlts6c3gpjnt1k3ctqrh0000gn/T/tmp2kyipqhp -c -O3 -miphoneos-version-min=8.0 -I/Users/tranxuandien/Documents/vscode/Project/MobileAPP/dist/include/arm64/freetype -I/Users/tranxuandien/Documents/vscode/Project/MobileAPP/dist/include/arm64/hostlibffi -I/Users/tranxuandien/Documents/vscode/Project/MobileAPP/dist/include/arm64/ffi -I/Users/tranxuandien/Documents/vscode/Project/MobileAPP/dist/include/arm64/openssl -I/Users/tranxuandien/Documents/vscode/Project/MobileAPP/dist/include/common/sdl2 -I/Users/tranxuandien/Documents/vscode/Project/MobileAPP/dist/include/common/sdl2_image -I/Users/tranxuandien/Documents/vscode/Project/MobileAPP/dist/include/common/sdl2_mixer -I/Users/tranxuandien/Documents/vscode/Project/MobileAPP/dist/include/common/sdl2_ttf -I/Users/tranxuandien/Documents/vscode/Project/MobileAPP/dist/include/arm64  conftest.c >&5
conftest.c:60:24: error: 'test_array' declared as an array with a negative size
static int test_array [1 - 2 * !(((long int) (sizeof (int))) <= 3)];
                       ^~~~~~~~~~~~~~~~~~~~~~~~~~~~~~~~~~~~~~~~~~~
1 error generated.
configure:11980: $? = 1
configure: failed program was:
| /* confdefs.h */
| #define PACKAGE_NAME "FreeType"
| #define PACKAGE_TARNAME "freetype"
| #define PACKAGE_VERSION "2.5.5"
| #define PACKAGE_STRING "FreeType 2.5.5"
| #define PACKAGE_BUGREPORT "freetype@nongnu.org"
| #define PACKAGE_URL ""
| #define STDC_HEADERS 1
| #define HAVE_SYS_TYPES_H 1
| #define HAVE_SYS_STAT_H 1
| #define HAVE_STDLIB_H 1
| #define HAVE_STRING_H 1
| #define HAVE_MEMORY_H 1
| #define HAVE_STRINGS_H 1
| #define HAVE_INTTYPES_H 1
| #define HAVE_STDINT_H 1
| #define HAVE_UNISTD_H 1
| #define HAVE_DLFCN_H 1
| #define LT_OBJDIR ".libs/"
| #define STDC_HEADERS 1
| #define HAVE_FCNTL_H 1
| #define HAVE_UNISTD_H 1
| /* end confdefs.h.  */
| #include <stdio.h>
| #ifdef HAVE_SYS_TYPES_H
| # include <sys/types.h>
| #endif
| #ifdef HAVE_SYS_STAT_H
| # include <sys/stat.h>
| #endif
| #ifdef STDC_HEADERS
| # include <stdlib.h>
| # include <stddef.h>
| #else
| # ifdef HAVE_STDLIB_H
| #  include <stdlib.h>
| # endif
| #endif
| #ifdef HAVE_STRING_H
| # if !defined STDC_HEADERS && defined HAVE_MEMORY_H
| #  include <memory.h>
| # endif
| # include <string.h>
| #endif
| #ifdef HAVE_STRINGS_H
| # include <strings.h>
| #endif
| #ifdef HAVE_INTTYPES_H
| # include <inttypes.h>
| #endif
| #ifdef HAVE_STDINT_H
| # include <stdint.h>
| #endif
| #ifdef HAVE_UNISTD_H
| # include <unistd.h>
| #endif
| int
| main ()
| {
| static int test_array [1 - 2 * !(((long int) (sizeof (int))) <= 3)];
| test_array [0] = 0;
| return test_array [0];
| 
|   ;
|   return 0;
| }
configure:11980: /var/folders/mp/lt30zlts6c3gpjnt1k3ctqrh0000gn/T/tmp2kyipqhp -c -O3 -miphoneos-version-min=8.0 -I/Users/tranxuandien/Documents/vscode/Project/MobileAPP/dist/include/arm64/freetype -I/Users/tranxuandien/Documents/vscode/Project/MobileAPP/dist/include/arm64/hostlibffi -I/Users/tranxuandien/Documents/vscode/Project/MobileAPP/dist/include/arm64/ffi -I/Users/tranxuandien/Documents/vscode/Project/MobileAPP/dist/include/arm64/openssl -I/Users/tranxuandien/Documents/vscode/Project/MobileAPP/dist/include/common/sdl2 -I/Users/tranxuandien/Documents/vscode/Project/MobileAPP/dist/include/common/sdl2_image -I/Users/tranxuandien/Documents/vscode/Project/MobileAPP/dist/include/common/sdl2_mixer -I/Users/tranxuandien/Documents/vscode/Project/MobileAPP/dist/include/common/sdl2_ttf -I/Users/tranxuandien/Documents/vscode/Project/MobileAPP/dist/include/arm64  conftest.c >&5
configure:11980: $? = 0
configure:11980: /var/folders/mp/lt30zlts6c3gpjnt1k3ctqrh0000gn/T/tmp2kyipqhp -c -O3 -miphoneos-version-min=8.0 -I/Users/tranxuandien/Documents/vscode/Project/MobileAPP/dist/include/arm64/freetype -I/Users/tranxuandien/Documents/vscode/Project/MobileAPP/dist/include/arm64/hostlibffi -I/Users/tranxuandien/Documents/vscode/Project/MobileAPP/dist/include/arm64/ffi -I/Users/tranxuandien/Documents/vscode/Project/MobileAPP/dist/include/arm64/openssl -I/Users/tranxuandien/Documents/vscode/Project/MobileAPP/dist/include/common/sdl2 -I/Users/tranxuandien/Documents/vscode/Project/MobileAPP/dist/include/common/sdl2_image -I/Users/tranxuandien/Documents/vscode/Project/MobileAPP/dist/include/common/sdl2_mixer -I/Users/tranxuandien/Documents/vscode/Project/MobileAPP/dist/include/common/sdl2_ttf -I/Users/tranxuandien/Documents/vscode/Project/MobileAPP/dist/include/arm64  conftest.c >&5
configure:11980: $? = 0
configure:11980: /var/folders/mp/lt30zlts6c3gpjnt1k3ctqrh0000gn/T/tmp2kyipqhp -c -O3 -miphoneos-version-min=8.0 -I/Users/tranxuandien/Documents/vscode/Project/MobileAPP/dist/include/arm64/freetype -I/Users/tranxuandien/Documents/vscode/Project/MobileAPP/dist/include/arm64/hostlibffi -I/Users/tranxuandien/Documents/vscode/Project/MobileAPP/dist/include/arm64/ffi -I/Users/tranxuandien/Documents/vscode/Project/MobileAPP/dist/include/arm64/openssl -I/Users/tranxuandien/Documents/vscode/Project/MobileAPP/dist/include/common/sdl2 -I/Users/tranxuandien/Documents/vscode/Project/MobileAPP/dist/include/common/sdl2_image -I/Users/tranxuandien/Documents/vscode/Project/MobileAPP/dist/include/common/sdl2_mixer -I/Users/tranxuandien/Documents/vscode/Project/MobileAPP/dist/include/common/sdl2_ttf -I/Users/tranxuandien/Documents/vscode/Project/MobileAPP/dist/include/arm64  conftest.c >&5
configure:11980: $? = 0
configure:11994: result: 4
configure:12008: checking size of long
configure:12013: /var/folders/mp/lt30zlts6c3gpjnt1k3ctqrh0000gn/T/tmp2kyipqhp -c -O3 -miphoneos-version-min=8.0 -I/Users/tranxuandien/Documents/vscode/Project/MobileAPP/dist/include/arm64/freetype -I/Users/tranxuandien/Documents/vscode/Project/MobileAPP/dist/include/arm64/hostlibffi -I/Users/tranxuandien/Documents/vscode/Project/MobileAPP/dist/include/arm64/ffi -I/Users/tranxuandien/Documents/vscode/Project/MobileAPP/dist/include/arm64/openssl -I/Users/tranxuandien/Documents/vscode/Project/MobileAPP/dist/include/common/sdl2 -I/Users/tranxuandien/Documents/vscode/Project/MobileAPP/dist/include/common/sdl2_image -I/Users/tranxuandien/Documents/vscode/Project/MobileAPP/dist/include/common/sdl2_mixer -I/Users/tranxuandien/Documents/vscode/Project/MobileAPP/dist/include/common/sdl2_ttf -I/Users/tranxuandien/Documents/vscode/Project/MobileAPP/dist/include/arm64  conftest.c >&5
configure:12013: $? = 0
configure:12013: /var/folders/mp/lt30zlts6c3gpjnt1k3ctqrh0000gn/T/tmp2kyipqhp -c -O3 -miphoneos-version-min=8.0 -I/Users/tranxuandien/Documents/vscode/Project/MobileAPP/dist/include/arm64/freetype -I/Users/tranxuandien/Documents/vscode/Project/MobileAPP/dist/include/arm64/hostlibffi -I/Users/tranxuandien/Documents/vscode/Project/MobileAPP/dist/include/arm64/ffi -I/Users/tranxuandien/Documents/vscode/Project/MobileAPP/dist/include/arm64/openssl -I/Users/tranxuandien/Documents/vscode/Project/MobileAPP/dist/include/common/sdl2 -I/Users/tranxuandien/Documents/vscode/Project/MobileAPP/dist/include/common/sdl2_image -I/Users/tranxuandien/Documents/vscode/Project/MobileAPP/dist/include/common/sdl2_mixer -I/Users/tranxuandien/Documents/vscode/Project/MobileAPP/dist/include/common/sdl2_ttf -I/Users/tranxuandien/Documents/vscode/Project/MobileAPP/dist/include/arm64  conftest.c >&5
conftest.c:61:24: error: 'test_array' declared as an array with a negative size
static int test_array [1 - 2 * !(((long int) (sizeof (long))) <= 0)];
                       ^~~~~~~~~~~~~~~~~~~~~~~~~~~~~~~~~~~~~~~~~~~~
1 error generated.
configure:12013: $? = 1
configure: failed program was:
| /* confdefs.h */
| #define PACKAGE_NAME "FreeType"
| #define PACKAGE_TARNAME "freetype"
| #define PACKAGE_VERSION "2.5.5"
| #define PACKAGE_STRING "FreeType 2.5.5"
| #define PACKAGE_BUGREPORT "freetype@nongnu.org"
| #define PACKAGE_URL ""
| #define STDC_HEADERS 1
| #define HAVE_SYS_TYPES_H 1
| #define HAVE_SYS_STAT_H 1
| #define HAVE_STDLIB_H 1
| #define HAVE_STRING_H 1
| #define HAVE_MEMORY_H 1
| #define HAVE_STRINGS_H 1
| #define HAVE_INTTYPES_H 1
| #define HAVE_STDINT_H 1
| #define HAVE_UNISTD_H 1
| #define HAVE_DLFCN_H 1
| #define LT_OBJDIR ".libs/"
| #define STDC_HEADERS 1
| #define HAVE_FCNTL_H 1
| #define HAVE_UNISTD_H 1
| #define SIZEOF_INT 4
| /* end confdefs.h.  */
| #include <stdio.h>
| #ifdef HAVE_SYS_TYPES_H
| # include <sys/types.h>
| #endif
| #ifdef HAVE_SYS_STAT_H
| # include <sys/stat.h>
| #endif
| #ifdef STDC_HEADERS
| # include <stdlib.h>
| # include <stddef.h>
| #else
| # ifdef HAVE_STDLIB_H
| #  include <stdlib.h>
| # endif
| #endif
| #ifdef HAVE_STRING_H
| # if !defined STDC_HEADERS && defined HAVE_MEMORY_H
| #  include <memory.h>
| # endif
| # include <string.h>
| #endif
| #ifdef HAVE_STRINGS_H
| # include <strings.h>
| #endif
| #ifdef HAVE_INTTYPES_H
| # include <inttypes.h>
| #endif
| #ifdef HAVE_STDINT_H
| # include <stdint.h>
| #endif
| #ifdef HAVE_UNISTD_H
| # include <unistd.h>
| #endif
| int
| main ()
| {
| static int test_array [1 - 2 * !(((long int) (sizeof (long))) <= 0)];
| test_array [0] = 0;
| return test_array [0];
| 
|   ;
|   return 0;
| }
configure:12013: /var/folders/mp/lt30zlts6c3gpjnt1k3ctqrh0000gn/T/tmp2kyipqhp -c -O3 -miphoneos-version-min=8.0 -I/Users/tranxuandien/Documents/vscode/Project/MobileAPP/dist/include/arm64/freetype -I/Users/tranxuandien/Documents/vscode/Project/MobileAPP/dist/include/arm64/hostlibffi -I/Users/tranxuandien/Documents/vscode/Project/MobileAPP/dist/include/arm64/ffi -I/Users/tranxuandien/Documents/vscode/Project/MobileAPP/dist/include/arm64/openssl -I/Users/tranxuandien/Documents/vscode/Project/MobileAPP/dist/include/common/sdl2 -I/Users/tranxuandien/Documents/vscode/Project/MobileAPP/dist/include/common/sdl2_image -I/Users/tranxuandien/Documents/vscode/Project/MobileAPP/dist/include/common/sdl2_mixer -I/Users/tranxuandien/Documents/vscode/Project/MobileAPP/dist/include/common/sdl2_ttf -I/Users/tranxuandien/Documents/vscode/Project/MobileAPP/dist/include/arm64  conftest.c >&5
conftest.c:61:24: error: 'test_array' declared as an array with a negative size
static int test_array [1 - 2 * !(((long int) (sizeof (long))) <= 1)];
                       ^~~~~~~~~~~~~~~~~~~~~~~~~~~~~~~~~~~~~~~~~~~~
1 error generated.
configure:12013: $? = 1
configure: failed program was:
| /* confdefs.h */
| #define PACKAGE_NAME "FreeType"
| #define PACKAGE_TARNAME "freetype"
| #define PACKAGE_VERSION "2.5.5"
| #define PACKAGE_STRING "FreeType 2.5.5"
| #define PACKAGE_BUGREPORT "freetype@nongnu.org"
| #define PACKAGE_URL ""
| #define STDC_HEADERS 1
| #define HAVE_SYS_TYPES_H 1
| #define HAVE_SYS_STAT_H 1
| #define HAVE_STDLIB_H 1
| #define HAVE_STRING_H 1
| #define HAVE_MEMORY_H 1
| #define HAVE_STRINGS_H 1
| #define HAVE_INTTYPES_H 1
| #define HAVE_STDINT_H 1
| #define HAVE_UNISTD_H 1
| #define HAVE_DLFCN_H 1
| #define LT_OBJDIR ".libs/"
| #define STDC_HEADERS 1
| #define HAVE_FCNTL_H 1
| #define HAVE_UNISTD_H 1
| #define SIZEOF_INT 4
| /* end confdefs.h.  */
| #include <stdio.h>
| #ifdef HAVE_SYS_TYPES_H
| # include <sys/types.h>
| #endif
| #ifdef HAVE_SYS_STAT_H
| # include <sys/stat.h>
| #endif
| #ifdef STDC_HEADERS
| # include <stdlib.h>
| # include <stddef.h>
| #else
| # ifdef HAVE_STDLIB_H
| #  include <stdlib.h>
| # endif
| #endif
| #ifdef HAVE_STRING_H
| # if !defined STDC_HEADERS && defined HAVE_MEMORY_H
| #  include <memory.h>
| # endif
| # include <string.h>
| #endif
| #ifdef HAVE_STRINGS_H
| # include <strings.h>
| #endif
| #ifdef HAVE_INTTYPES_H
| # include <inttypes.h>
| #endif
| #ifdef HAVE_STDINT_H
| # include <stdint.h>
| #endif
| #ifdef HAVE_UNISTD_H
| # include <unistd.h>
| #endif
| int
| main ()
| {
| static int test_array [1 - 2 * !(((long int) (sizeof (long))) <= 1)];
| test_array [0] = 0;
| return test_array [0];
| 
|   ;
|   return 0;
| }
configure:12013: /var/folders/mp/lt30zlts6c3gpjnt1k3ctqrh0000gn/T/tmp2kyipqhp -c -O3 -miphoneos-version-min=8.0 -I/Users/tranxuandien/Documents/vscode/Project/MobileAPP/dist/include/arm64/freetype -I/Users/tranxuandien/Documents/vscode/Project/MobileAPP/dist/include/arm64/hostlibffi -I/Users/tranxuandien/Documents/vscode/Project/MobileAPP/dist/include/arm64/ffi -I/Users/tranxuandien/Documents/vscode/Project/MobileAPP/dist/include/arm64/openssl -I/Users/tranxuandien/Documents/vscode/Project/MobileAPP/dist/include/common/sdl2 -I/Users/tranxuandien/Documents/vscode/Project/MobileAPP/dist/include/common/sdl2_image -I/Users/tranxuandien/Documents/vscode/Project/MobileAPP/dist/include/common/sdl2_mixer -I/Users/tranxuandien/Documents/vscode/Project/MobileAPP/dist/include/common/sdl2_ttf -I/Users/tranxuandien/Documents/vscode/Project/MobileAPP/dist/include/arm64  conftest.c >&5
conftest.c:61:24: error: 'test_array' declared as an array with a negative size
static int test_array [1 - 2 * !(((long int) (sizeof (long))) <= 3)];
                       ^~~~~~~~~~~~~~~~~~~~~~~~~~~~~~~~~~~~~~~~~~~~
1 error generated.
configure:12013: $? = 1
configure: failed program was:
| /* confdefs.h */
| #define PACKAGE_NAME "FreeType"
| #define PACKAGE_TARNAME "freetype"
| #define PACKAGE_VERSION "2.5.5"
| #define PACKAGE_STRING "FreeType 2.5.5"
| #define PACKAGE_BUGREPORT "freetype@nongnu.org"
| #define PACKAGE_URL ""
| #define STDC_HEADERS 1
| #define HAVE_SYS_TYPES_H 1
| #define HAVE_SYS_STAT_H 1
| #define HAVE_STDLIB_H 1
| #define HAVE_STRING_H 1
| #define HAVE_MEMORY_H 1
| #define HAVE_STRINGS_H 1
| #define HAVE_INTTYPES_H 1
| #define HAVE_STDINT_H 1
| #define HAVE_UNISTD_H 1
| #define HAVE_DLFCN_H 1
| #define LT_OBJDIR ".libs/"
| #define STDC_HEADERS 1
| #define HAVE_FCNTL_H 1
| #define HAVE_UNISTD_H 1
| #define SIZEOF_INT 4
| /* end confdefs.h.  */
| #include <stdio.h>
| #ifdef HAVE_SYS_TYPES_H
| # include <sys/types.h>
| #endif
| #ifdef HAVE_SYS_STAT_H
| # include <sys/stat.h>
| #endif
| #ifdef STDC_HEADERS
| # include <stdlib.h>
| # include <stddef.h>
| #else
| # ifdef HAVE_STDLIB_H
| #  include <stdlib.h>
| # endif
| #endif
| #ifdef HAVE_STRING_H
| # if !defined STDC_HEADERS && defined HAVE_MEMORY_H
| #  include <memory.h>
| # endif
| # include <string.h>
| #endif
| #ifdef HAVE_STRINGS_H
| # include <strings.h>
| #endif
| #ifdef HAVE_INTTYPES_H
| # include <inttypes.h>
| #endif
| #ifdef HAVE_STDINT_H
| # include <stdint.h>
| #endif
| #ifdef HAVE_UNISTD_H
| # include <unistd.h>
| #endif
| int
| main ()
| {
| static int test_array [1 - 2 * !(((long int) (sizeof (long))) <= 3)];
| test_array [0] = 0;
| return test_array [0];
| 
|   ;
|   return 0;
| }
configure:12013: /var/folders/mp/lt30zlts6c3gpjnt1k3ctqrh0000gn/T/tmp2kyipqhp -c -O3 -miphoneos-version-min=8.0 -I/Users/tranxuandien/Documents/vscode/Project/MobileAPP/dist/include/arm64/freetype -I/Users/tranxuandien/Documents/vscode/Project/MobileAPP/dist/include/arm64/hostlibffi -I/Users/tranxuandien/Documents/vscode/Project/MobileAPP/dist/include/arm64/ffi -I/Users/tranxuandien/Documents/vscode/Project/MobileAPP/dist/include/arm64/openssl -I/Users/tranxuandien/Documents/vscode/Project/MobileAPP/dist/include/common/sdl2 -I/Users/tranxuandien/Documents/vscode/Project/MobileAPP/dist/include/common/sdl2_image -I/Users/tranxuandien/Documents/vscode/Project/MobileAPP/dist/include/common/sdl2_mixer -I/Users/tranxuandien/Documents/vscode/Project/MobileAPP/dist/include/common/sdl2_ttf -I/Users/tranxuandien/Documents/vscode/Project/MobileAPP/dist/include/arm64  conftest.c >&5
conftest.c:61:24: error: 'test_array' declared as an array with a negative size
static int test_array [1 - 2 * !(((long int) (sizeof (long))) <= 7)];
                       ^~~~~~~~~~~~~~~~~~~~~~~~~~~~~~~~~~~~~~~~~~~~
1 error generated.
configure:12013: $? = 1
configure: failed program was:
| /* confdefs.h */
| #define PACKAGE_NAME "FreeType"
| #define PACKAGE_TARNAME "freetype"
| #define PACKAGE_VERSION "2.5.5"
| #define PACKAGE_STRING "FreeType 2.5.5"
| #define PACKAGE_BUGREPORT "freetype@nongnu.org"
| #define PACKAGE_URL ""
| #define STDC_HEADERS 1
| #define HAVE_SYS_TYPES_H 1
| #define HAVE_SYS_STAT_H 1
| #define HAVE_STDLIB_H 1
| #define HAVE_STRING_H 1
| #define HAVE_MEMORY_H 1
| #define HAVE_STRINGS_H 1
| #define HAVE_INTTYPES_H 1
| #define HAVE_STDINT_H 1
| #define HAVE_UNISTD_H 1
| #define HAVE_DLFCN_H 1
| #define LT_OBJDIR ".libs/"
| #define STDC_HEADERS 1
| #define HAVE_FCNTL_H 1
| #define HAVE_UNISTD_H 1
| #define SIZEOF_INT 4
| /* end confdefs.h.  */
| #include <stdio.h>
| #ifdef HAVE_SYS_TYPES_H
| # include <sys/types.h>
| #endif
| #ifdef HAVE_SYS_STAT_H
| # include <sys/stat.h>
| #endif
| #ifdef STDC_HEADERS
| # include <stdlib.h>
| # include <stddef.h>
| #else
| # ifdef HAVE_STDLIB_H
| #  include <stdlib.h>
| # endif
| #endif
| #ifdef HAVE_STRING_H
| # if !defined STDC_HEADERS && defined HAVE_MEMORY_H
| #  include <memory.h>
| # endif
| # include <string.h>
| #endif
| #ifdef HAVE_STRINGS_H
| # include <strings.h>
| #endif
| #ifdef HAVE_INTTYPES_H
| # include <inttypes.h>
| #endif
| #ifdef HAVE_STDINT_H
| # include <stdint.h>
| #endif
| #ifdef HAVE_UNISTD_H
| # include <unistd.h>
| #endif
| int
| main ()
| {
| static int test_array [1 - 2 * !(((long int) (sizeof (long))) <= 7)];
| test_array [0] = 0;
| return test_array [0];
| 
|   ;
|   return 0;
| }
configure:12013: /var/folders/mp/lt30zlts6c3gpjnt1k3ctqrh0000gn/T/tmp2kyipqhp -c -O3 -miphoneos-version-min=8.0 -I/Users/tranxuandien/Documents/vscode/Project/MobileAPP/dist/include/arm64/freetype -I/Users/tranxuandien/Documents/vscode/Project/MobileAPP/dist/include/arm64/hostlibffi -I/Users/tranxuandien/Documents/vscode/Project/MobileAPP/dist/include/arm64/ffi -I/Users/tranxuandien/Documents/vscode/Project/MobileAPP/dist/include/arm64/openssl -I/Users/tranxuandien/Documents/vscode/Project/MobileAPP/dist/include/common/sdl2 -I/Users/tranxuandien/Documents/vscode/Project/MobileAPP/dist/include/common/sdl2_image -I/Users/tranxuandien/Documents/vscode/Project/MobileAPP/dist/include/common/sdl2_mixer -I/Users/tranxuandien/Documents/vscode/Project/MobileAPP/dist/include/common/sdl2_ttf -I/Users/tranxuandien/Documents/vscode/Project/MobileAPP/dist/include/arm64  conftest.c >&5
configure:12013: $? = 0
configure:12013: /var/folders/mp/lt30zlts6c3gpjnt1k3ctqrh0000gn/T/tmp2kyipqhp -c -O3 -miphoneos-version-min=8.0 -I/Users/tranxuandien/Documents/vscode/Project/MobileAPP/dist/include/arm64/freetype -I/Users/tranxuandien/Documents/vscode/Project/MobileAPP/dist/include/arm64/hostlibffi -I/Users/tranxuandien/Documents/vscode/Project/MobileAPP/dist/include/arm64/ffi -I/Users/tranxuandien/Documents/vscode/Project/MobileAPP/dist/include/arm64/openssl -I/Users/tranxuandien/Documents/vscode/Project/MobileAPP/dist/include/common/sdl2 -I/Users/tranxuandien/Documents/vscode/Project/MobileAPP/dist/include/common/sdl2_image -I/Users/tranxuandien/Documents/vscode/Project/MobileAPP/dist/include/common/sdl2_mixer -I/Users/tranxuandien/Documents/vscode/Project/MobileAPP/dist/include/common/sdl2_ttf -I/Users/tranxuandien/Documents/vscode/Project/MobileAPP/dist/include/arm64  conftest.c >&5
configure:12013: $? = 0
configure:12013: /var/folders/mp/lt30zlts6c3gpjnt1k3ctqrh0000gn/T/tmp2kyipqhp -c -O3 -miphoneos-version-min=8.0 -I/Users/tranxuandien/Documents/vscode/Project/MobileAPP/dist/include/arm64/freetype -I/Users/tranxuandien/Documents/vscode/Project/MobileAPP/dist/include/arm64/hostlibffi -I/Users/tranxuandien/Documents/vscode/Project/MobileAPP/dist/include/arm64/ffi -I/Users/tranxuandien/Documents/vscode/Project/MobileAPP/dist/include/arm64/openssl -I/Users/tranxuandien/Documents/vscode/Project/MobileAPP/dist/include/common/sdl2 -I/Users/tranxuandien/Documents/vscode/Project/MobileAPP/dist/include/common/sdl2_image -I/Users/tranxuandien/Documents/vscode/Project/MobileAPP/dist/include/common/sdl2_mixer -I/Users/tranxuandien/Documents/vscode/Project/MobileAPP/dist/include/common/sdl2_ttf -I/Users/tranxuandien/Documents/vscode/Project/MobileAPP/dist/include/arm64  conftest.c >&5
configure:12013: $? = 0
configure:12013: /var/folders/mp/lt30zlts6c3gpjnt1k3ctqrh0000gn/T/tmp2kyipqhp -c -O3 -miphoneos-version-min=8.0 -I/Users/tranxuandien/Documents/vscode/Project/MobileAPP/dist/include/arm64/freetype -I/Users/tranxuandien/Documents/vscode/Project/MobileAPP/dist/include/arm64/hostlibffi -I/Users/tranxuandien/Documents/vscode/Project/MobileAPP/dist/include/arm64/ffi -I/Users/tranxuandien/Documents/vscode/Project/MobileAPP/dist/include/arm64/openssl -I/Users/tranxuandien/Documents/vscode/Project/MobileAPP/dist/include/common/sdl2 -I/Users/tranxuandien/Documents/vscode/Project/MobileAPP/dist/include/common/sdl2_image -I/Users/tranxuandien/Documents/vscode/Project/MobileAPP/dist/include/common/sdl2_mixer -I/Users/tranxuandien/Documents/vscode/Project/MobileAPP/dist/include/common/sdl2_ttf -I/Users/tranxuandien/Documents/vscode/Project/MobileAPP/dist/include/arm64  conftest.c >&5
configure:12013: $? = 0
configure:12027: result: 8
configure:12041: checking whether cpp computation of bit length in ftconfig.in works
configure:12098: result: yes
configure:12136: checking for stdlib.h
configure:12136: result: yes
configure:12136: checking for unistd.h
configure:12136: result: yes
configure:12136: checking for sys/param.h
configure:12136: /var/folders/mp/lt30zlts6c3gpjnt1k3ctqrh0000gn/T/tmp2kyipqhp -c -O3 -miphoneos-version-min=8.0 -I/Users/tranxuandien/Documents/vscode/Project/MobileAPP/dist/include/arm64/freetype -I/Users/tranxuandien/Documents/vscode/Project/MobileAPP/dist/include/arm64/hostlibffi -I/Users/tranxuandien/Documents/vscode/Project/MobileAPP/dist/include/arm64/ffi -I/Users/tranxuandien/Documents/vscode/Project/MobileAPP/dist/include/arm64/openssl -I/Users/tranxuandien/Documents/vscode/Project/MobileAPP/dist/include/common/sdl2 -I/Users/tranxuandien/Documents/vscode/Project/MobileAPP/dist/include/common/sdl2_image -I/Users/tranxuandien/Documents/vscode/Project/MobileAPP/dist/include/common/sdl2_mixer -I/Users/tranxuandien/Documents/vscode/Project/MobileAPP/dist/include/common/sdl2_ttf -I/Users/tranxuandien/Documents/vscode/Project/MobileAPP/dist/include/arm64  conftest.c >&5
configure:12136: $? = 0
configure:12136: result: yes
configure:12156: checking for getpagesize
configure:12156: /var/folders/mp/lt30zlts6c3gpjnt1k3ctqrh0000gn/T/tmp2kyipqhp -o conftest -O3 -miphoneos-version-min=8.0 -I/Users/tranxuandien/Documents/vscode/Project/MobileAPP/dist/include/arm64/freetype -I/Users/tranxuandien/Documents/vscode/Project/MobileAPP/dist/include/arm64/hostlibffi -I/Users/tranxuandien/Documents/vscode/Project/MobileAPP/dist/include/arm64/ffi -I/Users/tranxuandien/Documents/vscode/Project/MobileAPP/dist/include/arm64/openssl -I/Users/tranxuandien/Documents/vscode/Project/MobileAPP/dist/include/common/sdl2 -I/Users/tranxuandien/Documents/vscode/Project/MobileAPP/dist/include/common/sdl2_image -I/Users/tranxuandien/Documents/vscode/Project/MobileAPP/dist/include/common/sdl2_mixer -I/Users/tranxuandien/Documents/vscode/Project/MobileAPP/dist/include/common/sdl2_ttf -I/Users/tranxuandien/Documents/vscode/Project/MobileAPP/dist/include/arm64  -arch arm64 -L/Users/tranxuandien/Documents/vscode/Project/MobileAPP/dist/lib -L/Applications/Xcode.app/Contents/Developer/Platforms/iPhoneOS.platform/Developer/SDKs/iPhoneOS13.6.sdk/usr/lib -miphoneos-version-min=8.0 conftest.c  >&5
ld: warning: directory not found for option '-L/Users/tranxuandien/Documents/vscode/Project/MobileAPP/dist/lib'
configure:12156: $? = 0
configure:12156: result: yes
configure:12165: checking for working mmap
configure:12322: result: no
configure:12390: checking for memcpy
configure:12390: /var/folders/mp/lt30zlts6c3gpjnt1k3ctqrh0000gn/T/tmp2kyipqhp -o conftest -O3 -miphoneos-version-min=8.0 -I/Users/tranxuandien/Documents/vscode/Project/MobileAPP/dist/include/arm64/freetype -I/Users/tranxuandien/Documents/vscode/Project/MobileAPP/dist/include/arm64/hostlibffi -I/Users/tranxuandien/Documents/vscode/Project/MobileAPP/dist/include/arm64/ffi -I/Users/tranxuandien/Documents/vscode/Project/MobileAPP/dist/include/arm64/openssl -I/Users/tranxuandien/Documents/vscode/Project/MobileAPP/dist/include/common/sdl2 -I/Users/tranxuandien/Documents/vscode/Project/MobileAPP/dist/include/common/sdl2_image -I/Users/tranxuandien/Documents/vscode/Project/MobileAPP/dist/include/common/sdl2_mixer -I/Users/tranxuandien/Documents/vscode/Project/MobileAPP/dist/include/common/sdl2_ttf -I/Users/tranxuandien/Documents/vscode/Project/MobileAPP/dist/include/arm64  -arch arm64 -L/Users/tranxuandien/Documents/vscode/Project/MobileAPP/dist/lib -L/Applications/Xcode.app/Contents/Developer/Platforms/iPhoneOS.platform/Developer/SDKs/iPhoneOS13.6.sdk/usr/lib -miphoneos-version-min=8.0 conftest.c  >&5
conftest.c:53:6: warning: incompatible redeclaration of library function 'memcpy' [-Wincompatible-library-redeclaration]
char memcpy ();
     ^
conftest.c:53:6: note: 'memcpy' is a builtin with type 'void *(void *, const void *, unsigned long)'
1 warning generated.
ld: warning: directory not found for option '-L/Users/tranxuandien/Documents/vscode/Project/MobileAPP/dist/lib'
configure:12390: $? = 0
configure:12390: result: yes
configure:12390: checking for memmove
configure:12390: /var/folders/mp/lt30zlts6c3gpjnt1k3ctqrh0000gn/T/tmp2kyipqhp -o conftest -O3 -miphoneos-version-min=8.0 -I/Users/tranxuandien/Documents/vscode/Project/MobileAPP/dist/include/arm64/freetype -I/Users/tranxuandien/Documents/vscode/Project/MobileAPP/dist/include/arm64/hostlibffi -I/Users/tranxuandien/Documents/vscode/Project/MobileAPP/dist/include/arm64/ffi -I/Users/tranxuandien/Documents/vscode/Project/MobileAPP/dist/include/arm64/openssl -I/Users/tranxuandien/Documents/vscode/Project/MobileAPP/dist/include/common/sdl2 -I/Users/tranxuandien/Documents/vscode/Project/MobileAPP/dist/include/common/sdl2_image -I/Users/tranxuandien/Documents/vscode/Project/MobileAPP/dist/include/common/sdl2_mixer -I/Users/tranxuandien/Documents/vscode/Project/MobileAPP/dist/include/common/sdl2_ttf -I/Users/tranxuandien/Documents/vscode/Project/MobileAPP/dist/include/arm64  -arch arm64 -L/Users/tranxuandien/Documents/vscode/Project/MobileAPP/dist/lib -L/Applications/Xcode.app/Contents/Developer/Platforms/iPhoneOS.platform/Developer/SDKs/iPhoneOS13.6.sdk/usr/lib -miphoneos-version-min=8.0 conftest.c  >&5
conftest.c:54:6: warning: incompatible redeclaration of library function 'memmove' [-Wincompatible-library-redeclaration]
char memmove ();
     ^
conftest.c:54:6: note: 'memmove' is a builtin with type 'void *(void *, const void *, unsigned long)'
1 warning generated.
ld: warning: directory not found for option '-L/Users/tranxuandien/Documents/vscode/Project/MobileAPP/dist/lib'
configure:12390: $? = 0
configure:12390: result: yes
configure:12439: checking gcc compiler flag -pedantic to assure ANSI C works correctly
configure:12466: /var/folders/mp/lt30zlts6c3gpjnt1k3ctqrh0000gn/T/tmp2kyipqhp -c -O3 -miphoneos-version-min=8.0 -I/Users/tranxuandien/Documents/vscode/Project/MobileAPP/dist/include/arm64/freetype -I/Users/tranxuandien/Documents/vscode/Project/MobileAPP/dist/include/arm64/hostlibffi -I/Users/tranxuandien/Documents/vscode/Project/MobileAPP/dist/include/arm64/ffi -I/Users/tranxuandien/Documents/vscode/Project/MobileAPP/dist/include/arm64/openssl -I/Users/tranxuandien/Documents/vscode/Project/MobileAPP/dist/include/common/sdl2 -I/Users/tranxuandien/Documents/vscode/Project/MobileAPP/dist/include/common/sdl2_image -I/Users/tranxuandien/Documents/vscode/Project/MobileAPP/dist/include/common/sdl2_mixer -I/Users/tranxuandien/Documents/vscode/Project/MobileAPP/dist/include/common/sdl2_ttf -I/Users/tranxuandien/Documents/vscode/Project/MobileAPP/dist/include/arm64  -pedantic  conftest.c >&5
configure:12466: $? = 0
configure:12467: result: ok, add it to XX_ANSIFLAGS
configure:12439: checking gcc compiler flag -ansi to assure ANSI C works correctly
configure:12466: /var/folders/mp/lt30zlts6c3gpjnt1k3ctqrh0000gn/T/tmp2kyipqhp -c -O3 -miphoneos-version-min=8.0 -I/Users/tranxuandien/Documents/vscode/Project/MobileAPP/dist/include/arm64/freetype -I/Users/tranxuandien/Documents/vscode/Project/MobileAPP/dist/include/arm64/hostlibffi -I/Users/tranxuandien/Documents/vscode/Project/MobileAPP/dist/include/arm64/ffi -I/Users/tranxuandien/Documents/vscode/Project/MobileAPP/dist/include/arm64/openssl -I/Users/tranxuandien/Documents/vscode/Project/MobileAPP/dist/include/common/sdl2 -I/Users/tranxuandien/Documents/vscode/Project/MobileAPP/dist/include/common/sdl2_image -I/Users/tranxuandien/Documents/vscode/Project/MobileAPP/dist/include/common/sdl2_mixer -I/Users/tranxuandien/Documents/vscode/Project/MobileAPP/dist/include/common/sdl2_ttf -I/Users/tranxuandien/Documents/vscode/Project/MobileAPP/dist/include/arm64  -pedantic -ansi  conftest.c >&5
configure:12466: $? = 0
configure:12467: result: ok, add it to XX_ANSIFLAGS
configure:12531: $PKG_CONFIG --exists --print-errors "$zlib_pkg"
configure:12534: $? = 0
configure:12541: checking for ZLIB
configure:12548: $PKG_CONFIG --exists --print-errors "$zlib_pkg"
configure:12551: $? = 0
configure:12565: $PKG_CONFIG --exists --print-errors "$zlib_pkg"
configure:12568: $? = 0
configure:12606: result: yes
configure:13678: WARNING:
*** WARNING
    FSSpec/FSRef/QuickDraw/ATS options are explicitly given,
    thus it is recommended to replace src/base/ftmac.c by builds/mac/ftmac.c.
    
configure:13899: creating ./config.status

## ---------------------- ##
## Running config.status. ##
## ---------------------- ##

This file was extended by FreeType config.status 2.5.5, which was
generated by GNU Autoconf 2.69.  Invocation command line was

  CONFIG_FILES    = 
  CONFIG_HEADERS  = 
  CONFIG_LINKS    = 
  CONFIG_COMMANDS = 
  $ ./config.status 

on Trans-MacBook-Pro.local

config.status:1083: creating unix-cc.mk
config.status:1083: creating unix-def.mk
config.status:1083: creating ftconfig.h
config.status:1272: executing libtool commands
configure:15847:

Library configuration:
  external zlib: yes (pkg-config)
  bzip2:         no
  libpng:        no
  harfbuzz:      no


## ---------------- ##
## Cache variables. ##
## ---------------- ##

ac_cv_build=x86_64-apple-darwin19.6.0
ac_cv_c_compiler_gnu=yes
ac_cv_c_const=yes
ac_cv_env_BZIP2_CFLAGS_set=
ac_cv_env_BZIP2_CFLAGS_value=
ac_cv_env_BZIP2_LIBS_set=
ac_cv_env_BZIP2_LIBS_value=
ac_cv_env_CC_set=set
ac_cv_env_CC_value=/var/folders/mp/lt30zlts6c3gpjnt1k3ctqrh0000gn/T/tmp2kyipqhp
ac_cv_env_CFLAGS_set=set
ac_cv_env_CFLAGS_value='-O3 -miphoneos-version-min=8.0 -I/Users/tranxuandien/Documents/vscode/Project/MobileAPP/dist/include/arm64/freetype -I/Users/tranxuandien/Documents/vscode/Project/MobileAPP/dist/include/arm64/hostlibffi -I/Users/tranxuandien/Documents/vscode/Project/MobileAPP/dist/include/arm64/ffi -I/Users/tranxuandien/Documents/vscode/Project/MobileAPP/dist/include/arm64/openssl -I/Users/tranxuandien/Documents/vscode/Project/MobileAPP/dist/include/common/sdl2 -I/Users/tranxuandien/Documents/vscode/Project/MobileAPP/dist/include/common/sdl2_image -I/Users/tranxuandien/Documents/vscode/Project/MobileAPP/dist/include/common/sdl2_mixer -I/Users/tranxuandien/Documents/vscode/Project/MobileAPP/dist/include/common/sdl2_ttf -I/Users/tranxuandien/Documents/vscode/Project/MobileAPP/dist/include/arm64'
ac_cv_env_CPPFLAGS_set=
ac_cv_env_CPPFLAGS_value=
ac_cv_env_CPP_set=
ac_cv_env_CPP_value=
ac_cv_env_HARFBUZZ_CFLAGS_set=
ac_cv_env_HARFBUZZ_CFLAGS_value=
ac_cv_env_HARFBUZZ_LIBS_set=
ac_cv_env_HARFBUZZ_LIBS_value=
ac_cv_env_LDFLAGS_set=set
ac_cv_env_LDFLAGS_value='-arch arm64 -L/Users/tranxuandien/Documents/vscode/Project/MobileAPP/dist/lib -L/Applications/Xcode.app/Contents/Developer/Platforms/iPhoneOS.platform/Developer/SDKs/iPhoneOS13.6.sdk/usr/lib -miphoneos-version-min=8.0'
ac_cv_env_LIBPNG_CFLAGS_set=
ac_cv_env_LIBPNG_CFLAGS_value=
ac_cv_env_LIBPNG_LIBS_set=
ac_cv_env_LIBPNG_LIBS_value=
ac_cv_env_LIBS_set=
ac_cv_env_LIBS_value=
ac_cv_env_PKG_CONFIG_LIBDIR_set=
ac_cv_env_PKG_CONFIG_LIBDIR_value=
ac_cv_env_PKG_CONFIG_PATH_set=
ac_cv_env_PKG_CONFIG_PATH_value=
ac_cv_env_PKG_CONFIG_set=
ac_cv_env_PKG_CONFIG_value=
ac_cv_env_ZLIB_CFLAGS_set=
ac_cv_env_ZLIB_CFLAGS_value=
ac_cv_env_ZLIB_LIBS_set=
ac_cv_env_ZLIB_LIBS_value=
ac_cv_env_build_alias_set=
ac_cv_env_build_alias_value=
ac_cv_env_host_alias_set=set
ac_cv_env_host_alias_value=aarch64-apple-darwin13
ac_cv_env_target_alias_set=
ac_cv_env_target_alias_value=
ac_cv_func_getpagesize=yes
ac_cv_func_memcpy=yes
ac_cv_func_memmove=yes
ac_cv_func_mmap_fixed_mapped=no
ac_cv_header_dlfcn_h=yes
ac_cv_header_fcntl_h=yes
ac_cv_header_inttypes_h=yes
ac_cv_header_memory_h=yes
ac_cv_header_stdc=yes
ac_cv_header_stdint_h=yes
ac_cv_header_stdlib_h=yes
ac_cv_header_string_h=yes
ac_cv_header_strings_h=yes
ac_cv_header_sys_param_h=yes
ac_cv_header_sys_stat_h=yes
ac_cv_header_sys_types_h=yes
ac_cv_header_unistd_h=yes
ac_cv_host=aarch64-apple-darwin13
ac_cv_objext=o
ac_cv_path_EGREP='/usr/bin/grep -E'
ac_cv_path_FGREP='/usr/bin/grep -F'
ac_cv_path_GREP=/usr/bin/grep
ac_cv_path_SED=/usr/bin/sed
ac_cv_path_ac_pt_PKG_CONFIG=/usr/local/bin/pkg-config
ac_cv_path_install='/usr/bin/install -c'
ac_cv_prog_AWK=awk
ac_cv_prog_CC=/var/folders/mp/lt30zlts6c3gpjnt1k3ctqrh0000gn/T/tmp2kyipqhp
ac_cv_prog_CC_BUILD=gcc
ac_cv_prog_CPP='/var/folders/mp/lt30zlts6c3gpjnt1k3ctqrh0000gn/T/tmp2kyipqhp -E'
ac_cv_prog_RMDIR=rmdir
ac_cv_prog_ac_ct_AR=ar
ac_cv_prog_ac_ct_DSYMUTIL=dsymutil
ac_cv_prog_ac_ct_DUMPBIN='link -dump'
ac_cv_prog_ac_ct_LIPO=lipo
ac_cv_prog_ac_ct_NMEDIT=nmedit
ac_cv_prog_ac_ct_OBJDUMP=objdump
ac_cv_prog_ac_ct_OTOOL=otool
ac_cv_prog_ac_ct_RANLIB=ranlib
ac_cv_prog_ac_ct_STRIP=strip
ac_cv_prog_cc_c89=
ac_cv_prog_cc_g=yes
ac_cv_sizeof_int=4
ac_cv_sizeof_long=8
lt_cv_apple_cc_single_mod=yes
lt_cv_ar_at_file=no
lt_cv_deplibs_check_method=pass_all
lt_cv_file_magic_cmd='$MAGIC_CMD'
lt_cv_file_magic_test_file=
lt_cv_ld_exported_symbols_list=yes
lt_cv_ld_force_load=yes
lt_cv_ld_reload_flag=-r
lt_cv_nm_interface='BSD nm'
lt_cv_objdir=.libs
lt_cv_path_LD=/Applications/Xcode.app/Contents/Developer/Toolchains/XcodeDefault.xctoolchain/usr/bin/ld
lt_cv_path_NM=no
lt_cv_path_mainfest_tool=no
lt_cv_prog_compiler_c_o=yes
lt_cv_prog_compiler_pic='-fno-common -DPIC'
lt_cv_prog_compiler_pic_works=yes
lt_cv_prog_compiler_rtti_exceptions=yes
lt_cv_prog_compiler_static_works=no
lt_cv_prog_gnu_ld=no
lt_cv_sharedlib_from_linklib_cmd='printf %s\n'
lt_cv_sys_global_symbol_pipe='sed -n -e '\''s/^.*[	 ]\([BCDEGRST][BCDEGRST]*\)[	 ][	 ]*_\([_A-Za-z][_A-Za-z0-9]*\)$/\1 _\2 \2/p'\'' | sed '\''/ __gnu_lto/d'\'''
lt_cv_sys_global_symbol_to_c_name_address='sed -n -e '\''s/^: \(.*\) .*$/  {"\1", (void *) 0},/p'\'' -e '\''s/^[BCDEGRST][BCDEGRST]* .* \(.*\)$/  {"\1", (void *) \&\1},/p'\'''
lt_cv_sys_global_symbol_to_c_name_address_lib_prefix='sed -n -e '\''s/^: \(.*\) .*$/  {"\1", (void *) 0},/p'\'' -e '\''s/^[BCDEGRST][BCDEGRST]* .* \(lib.*\)$/  {"\1", (void *) \&\1},/p'\'' -e '\''s/^[BCDEGRST][BCDEGRST]* .* \(.*\)$/  {"lib\1", (void *) \&\1},/p'\'''
lt_cv_sys_global_symbol_to_cdecl='sed -n -e '\''s/^T .* \(.*\)$/extern int \1();/p'\'' -e '\''s/^[BCDEGRST][BCDEGRST]* .* \(.*\)$/extern char \1;/p'\'''
lt_cv_sys_global_symbol_to_import=
lt_cv_sys_max_cmd_len=196608
lt_cv_to_host_file_cmd=func_convert_file_noop
lt_cv_to_tool_file_cmd=func_convert_file_noop
pkg_cv_ZLIB_CFLAGS=
pkg_cv_ZLIB_LIBS=-lz

## ----------------- ##
## Output variables. ##
## ----------------- ##

AR='ar'
AS='as'
AWK='awk'
BZIP2_CFLAGS=''
BZIP2_LIBS=''
CC='/var/folders/mp/lt30zlts6c3gpjnt1k3ctqrh0000gn/T/tmp2kyipqhp'
CC_BUILD='gcc'
CFLAGS='-O3 -miphoneos-version-min=8.0 -I/Users/tranxuandien/Documents/vscode/Project/MobileAPP/dist/include/arm64/freetype -I/Users/tranxuandien/Documents/vscode/Project/MobileAPP/dist/include/arm64/hostlibffi -I/Users/tranxuandien/Documents/vscode/Project/MobileAPP/dist/include/arm64/ffi -I/Users/tranxuandien/Documents/vscode/Project/MobileAPP/dist/include/arm64/openssl -I/Users/tranxuandien/Documents/vscode/Project/MobileAPP/dist/include/common/sdl2 -I/Users/tranxuandien/Documents/vscode/Project/MobileAPP/dist/include/common/sdl2_image -I/Users/tranxuandien/Documents/vscode/Project/MobileAPP/dist/include/common/sdl2_mixer -I/Users/tranxuandien/Documents/vscode/Project/MobileAPP/dist/include/common/sdl2_ttf -I/Users/tranxuandien/Documents/vscode/Project/MobileAPP/dist/include/arm64 -DDARWIN_NO_CARBON -DHAVE_FSSPEC=0 -I$(TOP_DIR)/builds/mac/  -DFT_CONFIG_OPTION_SYSTEM_ZLIB'
CPP='/var/folders/mp/lt30zlts6c3gpjnt1k3ctqrh0000gn/T/tmp2kyipqhp -E'
CPPFLAGS=''
DEFS='-DHAVE_CONFIG_H'
DLLTOOL='false'
DSYMUTIL='dsymutil'
DUMPBIN=':'
ECHO_C='\c'
ECHO_N=''
ECHO_T=''
EGREP='/usr/bin/grep -E'
EXEEXT=''
EXEEXT_BUILD=''
FGREP='/usr/bin/grep -F'
FTSYS_SRC='$(BASE_DIR)/ftsystem.c'
GREP='/usr/bin/grep'
HARFBUZZ_CFLAGS=''
HARFBUZZ_LIBS=''
INSTALL_DATA='${INSTALL} -m 644'
INSTALL_PROGRAM='${INSTALL}'
INSTALL_SCRIPT='${INSTALL}'
LD='/Applications/Xcode.app/Contents/Developer/Toolchains/XcodeDefault.xctoolchain/usr/bin/ld'
LDFLAGS='-arch arm64 -L/Users/tranxuandien/Documents/vscode/Project/MobileAPP/dist/lib -L/Applications/Xcode.app/Contents/Developer/Platforms/iPhoneOS.platform/Developer/SDKs/iPhoneOS13.6.sdk/usr/lib -miphoneos-version-min=8.0 -lz'
LIBOBJS=''
LIBPNG_CFLAGS=''
LIBPNG_LIBS=''
LIBS=''
LIBSSTATIC_CONFIG='-lfreetype -lz'
LIBS_PRIVATE=''
LIBTOOL='$(SHELL) $(top_builddir)/libtool'
LIPO='lipo'
LN_S='ln -s'
LTLIBOBJS=''
MANIFEST_TOOL=':'
NM='nm'
NMEDIT='nmedit'
OBJDUMP='objdump'
OBJEXT='o'
OTOOL64=':'
OTOOL='otool'
PACKAGE_BUGREPORT='freetype@nongnu.org'
PACKAGE_NAME='FreeType'
PACKAGE_STRING='FreeType 2.5.5'
PACKAGE_TARNAME='freetype'
PACKAGE_URL=''
PACKAGE_VERSION='2.5.5'
PATH_SEPARATOR=':'
PKG_CONFIG='/usr/local/bin/pkg-config'
PKG_CONFIG_LIBDIR=''
PKG_CONFIG_PATH=''
RANLIB='ranlib'
REQUIRES_PRIVATE='zlib'
RMDIR='rmdir'
SED='/usr/bin/sed'
SHELL='/bin/sh'
STRIP='strip'
XX_ANSIFLAGS=' -pedantic -ansi'
XX_CFLAGS='-Wall'
ZLIB_CFLAGS=''
ZLIB_LIBS='-lz'
ac_ct_AR='ar'
ac_ct_CC=''
ac_ct_DUMPBIN='link -dump'
bindir='${exec_prefix}/bin'
build='x86_64-apple-darwin19.6.0'
build_alias=''
build_cpu='x86_64'
build_libtool_libs=''
build_os='darwin19.6.0'
build_vendor='apple'
datadir='${datarootdir}'
datarootdir='${prefix}/share'
docdir='${datarootdir}/doc/${PACKAGE_TARNAME}'
dvidir='${docdir}'
exec_prefix='${prefix}'
ft_version='17.4.11'
ftmac_c=''
hardcode_libdir_flag_spec=''
host='aarch64-apple-darwin13'
host_alias='aarch64-apple-darwin13'
host_cpu='aarch64'
host_os='darwin13'
host_vendor='apple'
htmldir='${docdir}'
includedir='${prefix}/include'
infodir='${datarootdir}/info'
libdir='${exec_prefix}/lib'
libexecdir='${exec_prefix}/libexec'
localedir='${datarootdir}/locale'
localstatedir='${prefix}/var'
mandir='${datarootdir}/man'
oldincludedir='/usr/include'
pdfdir='${docdir}'
prefix='/'
program_transform_name='s,x,x,'
psdir='${docdir}'
sbindir='${exec_prefix}/sbin'
sharedstatedir='${prefix}/com'
sysconfdir='${prefix}/etc'
target_alias=''
version_info='17:4:11'
wl='-Wl,'

## ----------- ##
## confdefs.h. ##
## ----------- ##

/* confdefs.h */
#define PACKAGE_NAME "FreeType"
#define PACKAGE_TARNAME "freetype"
#define PACKAGE_VERSION "2.5.5"
#define PACKAGE_STRING "FreeType 2.5.5"
#define PACKAGE_BUGREPORT "freetype@nongnu.org"
#define PACKAGE_URL ""
#define STDC_HEADERS 1
#define HAVE_SYS_TYPES_H 1
#define HAVE_SYS_STAT_H 1
#define HAVE_STDLIB_H 1
#define HAVE_STRING_H 1
#define HAVE_MEMORY_H 1
#define HAVE_STRINGS_H 1
#define HAVE_INTTYPES_H 1
#define HAVE_STDINT_H 1
#define HAVE_UNISTD_H 1
#define HAVE_DLFCN_H 1
#define LT_OBJDIR ".libs/"
#define STDC_HEADERS 1
#define HAVE_FCNTL_H 1
#define HAVE_UNISTD_H 1
#define SIZEOF_INT 4
#define SIZEOF_LONG 8
#define HAVE_STDLIB_H 1
#define HAVE_UNISTD_H 1
#define HAVE_SYS_PARAM_H 1
#define HAVE_GETPAGESIZE 1
#define HAVE_MEMCPY 1
#define HAVE_MEMMOVE 1

configure: exit 0
